This is pdfTeX, Version 3.141592653-2.6-1.40.22 (TeX Live 2021/Arch Linux) (preloaded format=pdflatex 2021.6.24)  22 AUG 2021 00:26
entering extended mode
 restricted \write18 enabled.
 %&-line parsing enabled.
**tese
(./tese.tex
LaTeX2e <2020-10-01> patch level 4
L3 programming layer <2021-02-18>
(/usr/share/texmf-dist/tex/latex/koma-script/scrbook.cls
Document Class: scrbook 2021/03/17 v3.33 KOMA-Script document class (book)
(/usr/share/texmf-dist/tex/latex/koma-script/scrkbase.sty
Package: scrkbase 2021/03/17 v3.33 KOMA-Script package (KOMA-Script-dependent b
asics and keyval usage)

(/usr/share/texmf-dist/tex/latex/koma-script/scrbase.sty
Package: scrbase 2021/03/17 v3.33 KOMA-Script package (KOMA-Script-independent 
basics and keyval usage)

(/usr/share/texmf-dist/tex/latex/koma-script/scrlfile.sty
Package: scrlfile 2021/03/17 v3.33 KOMA-Script package (file load hooks)

(/usr/share/texmf-dist/tex/latex/koma-script/scrlfile-hook.sty
Package: scrlfile-hook 2021/03/17 v3.33 KOMA-Script package (using LaTeX hooks)


LaTeX3 Info: Defining command \BeforeFile with sig. 'm' on line 61.


LaTeX3 Info: Defining command \AfterFile with sig. 'm' on line 65.


LaTeX3 Info: Defining command \BeforeClass with sig. 'm' on line 69.


LaTeX3 Info: Defining command \BeforePackage with sig. 'm' on line 73.


LaTeX3 Info: Defining command \AfterAtEndOfClass with sig. 'smo+m' on line 83.


LaTeX3 Info: Defining command \AfterAtEndOfPackage with sig. 'smo+m' on line
(LaTeX3)     93.


LaTeX3 Info: Defining command \scrlfile@AfterClass with sig. 'smo+m' on line
(LaTeX3)     173.


LaTeX3 Info: Defining command \AfterClass with sig. '' on line 174.


LaTeX3 Info: Defining command \scrlfile@AfterPackage with sig. 'smo+m' on line
(LaTeX3)     191.


LaTeX3 Info: Defining command \AfterPackage with sig. '' on line 192.


LaTeX3 Info: Defining command \ReplaceInput with sig. '' on line 193.


LaTeX3 Info: Defining command \ReplaceClass with sig. 'mm' on line 196.


LaTeX3 Info: Defining command \ReplacePackage with sig. 'mm' on line 199.


LaTeX3 Info: Defining command \UnReplaceInput with sig. '' on line 200.


LaTeX3 Info: Defining command \UnReplaceClass with sig. 'm' on line 203.


LaTeX3 Info: Defining command \UnReplacePackage with sig. 'mm' on line 206.


LaTeX3 Info: Defining command \PreventPackageFromLoading with sig. 's+om' on
(LaTeX3)     line 234.


LaTeX3 Info: Defining command \StorePreventPackageFromLoading with sig. 'm' on
(LaTeX3)     line 242.


LaTeX3 Info: Defining command \ResetPreventPackageFromLoading with sig. '' on
(LaTeX3)     line 247.


LaTeX3 Info: Defining command \UnPreventPackageFromLoading with sig. 'sm' on
(LaTeX3)     line 261.


LaTeX3 Info: Defining command \BeforeClosingMainAux with sig. 'om' on line
(LaTeX3)     274.


LaTeX3 Info: Defining command \AfterReadingMainAux with sig. 'om' on line 287.


LaTeX3 Info: Defining command \protected@immediate@write with sig. 'm+m+m' on
(LaTeX3)     line 298.


(/usr/share/texmf-dist/tex/latex/koma-script/scrlogo.sty
Package: scrlogo 2021/03/17 v3.33 KOMA-Script package (logo)
)))
(/usr/share/texmf-dist/tex/latex/graphics/keyval.sty
Package: keyval 2014/10/28 v1.15 key=value parser (DPC)
\KV@toks@=\toks15
)
Skipping: [2021/05/01] Usage of raw option list on input line 252.
Applying: [0000/00/00] compatibility for LaTeX before 2021/05/01 on input line 
337.
))
(/usr/share/texmf-dist/tex/latex/koma-script/tocbasic.sty
Package: tocbasic 2021/03/17 v3.33 KOMA-Script package (handling toc-files)
\scr@dte@tocline@numberwidth=\skip47
\scr@dte@tocline@numbox=\box47
)
Package tocbasic Info: babel extension for `toc' omitted
(tocbasic)             because of missing \bbl@set@language on input line 137.
Class scrbook Info: You've used standard option `openright'.
(scrbook)           This is correct!
(scrbook)           Internally I'm using `open=right'.
(scrbook)           If you'd like to set the option with \KOMAoptions,
(scrbook)           you'd have to use `open=right' there
(scrbook)           instead of `openright', too.
Class scrbook Info: File `scrsize12pt.clo' used to setup font sizes on input li
ne 2454.

(/usr/share/texmf-dist/tex/latex/koma-script/scrsize12pt.clo
File: scrsize12pt.clo 2021/03/17 v3.33 KOMA-Script font size class option (12pt
)
)
(/usr/share/texmf-dist/tex/latex/koma-script/typearea.sty
Package: typearea 2021/03/17 v3.33 KOMA-Script package (type area)
\ta@bcor=\skip48
\ta@div=\count179
\ta@hblk=\skip49
\ta@vblk=\skip50
\ta@temp=\skip51
\footheight=\skip52
Package typearea Info: These are the values describing the layout:
(typearea)             DIV  = 12
(typearea)             BCOR = 14.22636pt
(typearea)             \paperwidth      = 597.50793pt
(typearea)              \textwidth      = 437.46118pt
(typearea)              DIV departure   = -3%
(typearea)              \evensidemargin = 24.9436pt
(typearea)              \oddsidemargin  = -9.43683pt
(typearea)             \paperheight     = 845.04694pt
(typearea)              \textheight     = 606.5pt
(typearea)              \topmargin      = -1.84941pt
(typearea)              \headheight     = 18.125pt
(typearea)              \headsep        = 21.75pt
(typearea)              \topskip        = 12.0pt
(typearea)              \footskip       = 50.75pt
(typearea)              \baselineskip   = 14.5pt
(typearea)              on input line 1741.
)
\c@part=\count180
\c@chapter=\count181
\c@section=\count182
\c@subsection=\count183
\c@subsubsection=\count184
\c@paragraph=\count185
\c@subparagraph=\count186
\scr@dte@chapter@maxnumwidth=\skip53
Class scrbook Info: using compatibility default `afterindent=bysign'
(scrbook)           for `\chapter on input line 5676.
\scr@dte@section@maxnumwidth=\skip54
Class scrbook Info: using compatibility default `runin=bysign'
(scrbook)           for `\section on input line 5687.
Class scrbook Info: using compatibility default `afterindent=bysign'
(scrbook)           for `\section on input line 5687.
\scr@dte@part@maxnumwidth=\skip55
Class scrbook Info: using compatibility default `afterindent=true'
(scrbook)           for `\part on input line 5696.
\scr@dte@subsection@maxnumwidth=\skip56
Class scrbook Info: using compatibility default `runin=bysign'
(scrbook)           for `\subsection on input line 5706.
Class scrbook Info: using compatibility default `afterindent=bysign'
(scrbook)           for `\subsection on input line 5706.
\scr@dte@subsubsection@maxnumwidth=\skip57
Class scrbook Info: using compatibility default `runin=bysign'
(scrbook)           for `\subsubsection on input line 5716.
Class scrbook Info: using compatibility default `afterindent=bysign'
(scrbook)           for `\subsubsection on input line 5716.
\scr@dte@paragraph@maxnumwidth=\skip58
Class scrbook Info: using compatibility default `runin=bysign'
(scrbook)           for `\paragraph on input line 5727.
Class scrbook Info: using compatibility default `afterindent=bysign'
(scrbook)           for `\paragraph on input line 5727.
\scr@dte@subparagraph@maxnumwidth=\skip59
Class scrbook Info: using compatibility default `runin=bysign'
(scrbook)           for `\subparagraph on input line 5737.
Class scrbook Info: using compatibility default `afterindent=bysign'
(scrbook)           for `\subparagraph on input line 5737.
\abovecaptionskip=\skip60
\belowcaptionskip=\skip61
\c@pti@nb@sid@b@x=\box48
Package tocbasic Info: babel extension for `lof' omitted
(tocbasic)             because of missing \bbl@set@language on input line 6980.

\scr@dte@figure@maxnumwidth=\skip62
\c@figure=\count187
Package tocbasic Info: babel extension for `lot' omitted
(tocbasic)             because of missing \bbl@set@language on input line 7001.

\scr@dte@table@maxnumwidth=\skip63
\c@table=\count188
Class scrbook Info: Redefining `\numberline' on input line 7174.
\bibindent=\dimen138
)
(/usr/share/texmf-dist/tex/latex/xcolor/xcolor.sty
Package: xcolor 2016/05/11 v2.12 LaTeX color extensions (UK)

(/usr/share/texmf-dist/tex/latex/graphics-cfg/color.cfg
File: color.cfg 2016/01/02 v1.6 sample color configuration
)
Package xcolor Info: Package option `usenames' ignored on input line 216.
Package xcolor Info: Driver file: pdftex.def on input line 225.

(/usr/share/texmf-dist/tex/latex/graphics-def/pdftex.def
File: pdftex.def 2020/10/05 v1.2a Graphics/color driver for pdftex
)
(/usr/share/texmf-dist/tex/latex/colortbl/colortbl.sty
Package: colortbl 2020/01/04 v1.0e Color table columns (DPC)

(/usr/share/texmf-dist/tex/latex/tools/array.sty
Package: array 2020/10/01 v2.5c Tabular extension package (FMi)
\col@sep=\dimen139
\ar@mcellbox=\box49
\extrarowheight=\dimen140
\NC@list=\toks16
\extratabsurround=\skip64
\backup@length=\skip65
\ar@cellbox=\box50
)
\everycr=\toks17
\minrowclearance=\skip66
)
\rownum=\count189
Package xcolor Info: Model `cmy' substituted by `cmy0' on input line 1348.
Package xcolor Info: Model `hsb' substituted by `rgb' on input line 1352.
Package xcolor Info: Model `RGB' extended on input line 1364.
Package xcolor Info: Model `HTML' substituted by `rgb' on input line 1366.
Package xcolor Info: Model `Hsb' substituted by `hsb' on input line 1367.
Package xcolor Info: Model `tHsb' substituted by `hsb' on input line 1368.
Package xcolor Info: Model `HSB' substituted by `hsb' on input line 1369.
Package xcolor Info: Model `Gray' substituted by `gray' on input line 1370.
Package xcolor Info: Model `wave' substituted by `hsb' on input line 1371.

(/usr/share/texmf-dist/tex/latex/graphics/dvipsnam.def
File: dvipsnam.def 2016/06/17 v3.0m Driver-dependent file (DPC,SPQR)
)
(/usr/share/texmf-dist/tex/latex/xcolor/svgnam.def
File: svgnam.def 2016/05/11 v2.12 Predefined colors according to SVG 1.1 (UK)
))
(/usr/share/texmf-dist/tex/latex/hyperref/hyperref.sty
Package: hyperref 2021-02-27 v7.00k Hypertext links for LaTeX

(/usr/share/texmf-dist/tex/generic/ltxcmds/ltxcmds.sty
Package: ltxcmds 2020-05-10 v1.25 LaTeX kernel commands for general use (HO)
)
(/usr/share/texmf-dist/tex/generic/iftex/iftex.sty
Package: iftex 2020/03/06 v1.0d TeX engine tests
)
(/usr/share/texmf-dist/tex/generic/pdftexcmds/pdftexcmds.sty
Package: pdftexcmds 2020-06-27 v0.33 Utility functions of pdfTeX for LuaTeX (HO
)

(/usr/share/texmf-dist/tex/generic/infwarerr/infwarerr.sty
Package: infwarerr 2019/12/03 v1.5 Providing info/warning/error messages (HO)
)
Package pdftexcmds Info: \pdf@primitive is available.
Package pdftexcmds Info: \pdf@ifprimitive is available.
Package pdftexcmds Info: \pdfdraftmode found.
)
(/usr/share/texmf-dist/tex/generic/kvsetkeys/kvsetkeys.sty
Package: kvsetkeys 2019/12/15 v1.18 Key value parser (HO)
)
(/usr/share/texmf-dist/tex/generic/kvdefinekeys/kvdefinekeys.sty
Package: kvdefinekeys 2019-12-19 v1.6 Define keys (HO)
)
(/usr/share/texmf-dist/tex/generic/pdfescape/pdfescape.sty
Package: pdfescape 2019/12/09 v1.15 Implements pdfTeX's escape features (HO)
)
(/usr/share/texmf-dist/tex/latex/hycolor/hycolor.sty
Package: hycolor 2020-01-27 v1.10 Color options for hyperref/bookmark (HO)
)
(/usr/share/texmf-dist/tex/latex/letltxmacro/letltxmacro.sty
Package: letltxmacro 2019/12/03 v1.6 Let assignment for LaTeX macros (HO)
)
(/usr/share/texmf-dist/tex/latex/auxhook/auxhook.sty
Package: auxhook 2019-12-17 v1.6 Hooks for auxiliary files (HO)
)
(/usr/share/texmf-dist/tex/latex/kvoptions/kvoptions.sty
Package: kvoptions 2020-10-07 v3.14 Key value format for package options (HO)
)
\@linkdim=\dimen141
\Hy@linkcounter=\count190
\Hy@pagecounter=\count191

(/usr/share/texmf-dist/tex/latex/hyperref/pd1enc.def
File: pd1enc.def 2021-02-27 v7.00k Hyperref: PDFDocEncoding definition (HO)
Now handling font encoding PD1 ...
... no UTF-8 mapping file for font encoding PD1
)
(/usr/share/texmf-dist/tex/latex/hyperref/hyperref-langpatches.def
File: hyperref-langpatches.def 2021-02-27 v7.00k Hyperref: patches for babel la
nguages
)
(/usr/share/texmf-dist/tex/generic/intcalc/intcalc.sty
Package: intcalc 2019/12/15 v1.3 Expandable calculations with integers (HO)
)
(/usr/share/texmf-dist/tex/generic/etexcmds/etexcmds.sty
Package: etexcmds 2019/12/15 v1.7 Avoid name clashes with e-TeX commands (HO)
)
\Hy@SavedSpaceFactor=\count192

(/usr/share/texmf-dist/tex/latex/hyperref/puenc.def
File: puenc.def 2021-02-27 v7.00k Hyperref: PDF Unicode definition (HO)
Now handling font encoding PU ...
... no UTF-8 mapping file for font encoding PU
)
Package hyperref Info: Option `unicode' set `true' on input line 4073.
Package hyperref Info: Hyper figures OFF on input line 4192.
Package hyperref Info: Link nesting OFF on input line 4197.
Package hyperref Info: Hyper index ON on input line 4200.
Package hyperref Info: Plain pages OFF on input line 4207.
Package hyperref Info: Backreferencing OFF on input line 4212.
Package hyperref Info: Implicit mode ON; LaTeX internals redefined.
Package hyperref Info: Bookmarks ON on input line 4445.
\c@Hy@tempcnt=\count193

(/usr/share/texmf-dist/tex/latex/url/url.sty
\Urlmuskip=\muskip16
Package: url 2013/09/16  ver 3.4  Verb mode for urls, etc.
)
LaTeX Info: Redefining \url on input line 4804.
\XeTeXLinkMargin=\dimen142

(/usr/share/texmf-dist/tex/generic/bitset/bitset.sty
Package: bitset 2019/12/09 v1.3 Handle bit-vector datatype (HO)

(/usr/share/texmf-dist/tex/generic/bigintcalc/bigintcalc.sty
Package: bigintcalc 2019/12/15 v1.5 Expandable calculations on big integers (HO
)
))
\Fld@menulength=\count194
\Field@Width=\dimen143
\Fld@charsize=\dimen144
Package hyperref Info: Hyper figures OFF on input line 6075.
Package hyperref Info: Link nesting OFF on input line 6080.
Package hyperref Info: Hyper index ON on input line 6083.
Package hyperref Info: backreferencing OFF on input line 6090.
Package hyperref Info: Link coloring OFF on input line 6095.
Package hyperref Info: Link coloring with OCG OFF on input line 6100.
Package hyperref Info: PDF/A mode OFF on input line 6105.
LaTeX Info: Redefining \ref on input line 6145.
LaTeX Info: Redefining \pageref on input line 6149.

(/usr/share/texmf-dist/tex/latex/base/atbegshi-ltx.sty
Package: atbegshi-ltx 2020/08/17 v1.0a Emulation of the original atbegshi packa
ge
with kernel methods
)
\Hy@abspage=\count195
\c@Item=\count196
\c@Hfootnote=\count197
)
Package hyperref Info: Driver (autodetected): hpdftex.

(/usr/share/texmf-dist/tex/latex/hyperref/hpdftex.def
File: hpdftex.def 2021-02-27 v7.00k Hyperref driver for pdfTeX

(/usr/share/texmf-dist/tex/latex/base/atveryend-ltx.sty
Package: atveryend-ltx 2020/08/19 v1.0a Emulation of the original atvery packag
e
with kernel methods
)
\Fld@listcount=\count198
\c@bookmark@seq@number=\count199

(/usr/share/texmf-dist/tex/latex/rerunfilecheck/rerunfilecheck.sty
Package: rerunfilecheck 2019/12/05 v1.9 Rerun checks for auxiliary files (HO)

(/usr/share/texmf-dist/tex/generic/uniquecounter/uniquecounter.sty
Package: uniquecounter 2019/12/15 v1.4 Provide unlimited unique counter (HO)
)
Package uniquecounter Info: New unique counter `rerunfilecheck' on input line 2
86.
)
\Hy@SectionHShift=\skip67
)
(/usr/share/texmf-dist/tex/latex/base/inputenc.sty
Package: inputenc 2020/08/01 v1.3d Input encoding file
\inpenc@prehook=\toks18
\inpenc@posthook=\toks19
) (./classicthesis.sty
Package: classicthesis 2018/06/03 v4.6 Typographic style for a classic-looking 
thesis

(/usr/share/texmf-dist/tex/latex/base/ifthen.sty
Package: ifthen 2014/09/29 v1.1c Standard LaTeX ifthen package (DPC)
)
(/usr/share/texmf-dist/tex/generic/iftex/ifpdf.sty
Package: ifpdf 2019/10/25 v3.4 ifpdf legacy package. Use iftex instead.
)
(/usr/share/texmf-dist/tex/generic/iftex/ifxetex.sty
Package: ifxetex 2019/10/25 v0.7 ifxetex legacy package. Use iftex instead.
)
(/usr/share/texmf-dist/tex/generic/iftex/ifluatex.sty
Package: ifluatex 2019/10/25 v1.5 ifluatex legacy package. Use iftex instead.
)
(/usr/share/texmf-dist/tex/latex/psnfss/mathpazo.sty
Package: mathpazo 2020/03/25 PSNFSS-v9.3 Palatino w/ Pazo Math (D.Puga, WaS) 
\symupright=\mathgroup4
)
(/usr/share/texmf-dist/tex/latex/bera/beramono.sty
Package: beramono 2004/01/31 (WaS)
)
LaTeX Font Info:    Trying to load font information for U+eur on input line 202
.

(/usr/share/texmf-dist/tex/latex/amsfonts/ueur.fd
File: ueur.fd 2013/01/14 v3.01 Euler Roman
)
(/usr/share/texmf-dist/tex/latex/microtype/microtype.sty
Package: microtype 2021/03/14 v2.8c Micro-typographical refinements (RS)
\MT@toks=\toks20
\MT@count=\count266
LaTeX Info: Redefining \textls on input line 790.
\MT@outer@kern=\dimen145
LaTeX Info: Redefining \textmicrotypecontext on input line 1374.
\MT@listname@count=\count267

(/usr/share/texmf-dist/tex/latex/microtype/microtype-pdftex.def
File: microtype-pdftex.def 2021/03/14 v2.8c Definitions specific to pdftex (RS)

LaTeX Info: Redefining \lsstyle on input line 915.
LaTeX Info: Redefining \lslig on input line 915.
\MT@outer@space=\skip68
)
Package microtype Info: Loading configuration file microtype.cfg.

(/usr/share/texmf-dist/tex/latex/microtype/microtype.cfg
File: microtype.cfg 2021/03/14 v2.8c microtype main configuration file (RS)
))
Package classicthesis Info: A4 paper, Palatino or other on input line 251.
Package typearea Info: These are the values describing the layout:
(typearea)             DIV  = areaset
(typearea)             BCOR = 14.22636pt
(typearea)             \paperwidth      = 597.50793pt
(typearea)              \textwidth      = 336.0pt
(typearea)              \evensidemargin = 92.58438pt
(typearea)              \oddsidemargin  = 24.38356pt
(typearea)             \paperheight     = 845.04694pt
(typearea)              \textheight     = 711.25pt
(typearea)              \topmargin      = -40.58768pt
(typearea)              \headheight     = 17.0pt
(typearea)              \headsep        = 21.75pt
(typearea)              \topskip        = 12.0pt
(typearea)              \footskip       = 50.75pt
(typearea)              \baselineskip   = 14.5pt
(typearea)              on input line 251.

(/usr/share/texmf-dist/tex/latex/mparhack/mparhack.sty
Package: mparhack 2005/04/17 v1.4 (T. Sgouros and S. Ulrich)
)
(/usr/share/texmf-dist/tex/latex/booktabs/booktabs.sty
Package: booktabs 2020/01/12 v1.61803398 Publication quality tables
\heavyrulewidth=\dimen146
\lightrulewidth=\dimen147
\cmidrulewidth=\dimen148
\belowrulesep=\dimen149
\belowbottomsep=\dimen150
\aboverulesep=\dimen151
\abovetopsep=\dimen152
\cmidrulesep=\dimen153
\cmidrulekern=\dimen154
\defaultaddspace=\dimen155
\@cmidla=\count268
\@cmidlb=\count269
\@aboverulesep=\dimen156
\@belowrulesep=\dimen157
\@thisruleclass=\count270
\@lastruleclass=\count271
\@thisrulewidth=\dimen158
)
(/usr/share/texmf-dist/tex/latex/textcase/textcase.sty
Package: textcase 2019/09/14 v1.00 Text only upper/lower case changing (DPC)
)
Package classicthesis Info: Using microtype for character spacing.Make sure you
r pdflatex is version 1.40 or higher. on input line 321.

(/usr/share/texmf-dist/tex/latex/koma-script/scrlayer-scrpage.sty
Package: scrlayer-scrpage 2021/03/17 v3.33 KOMA-Script package (end user interf
ace for scrlayer)

(/usr/share/texmf-dist/tex/latex/koma-script/scrlayer.sty
Package: scrlayer 2021/03/17 v3.33 KOMA-Script package (defining layers and pag
e styles)
Package scrlayer Info: Using already defined \footheight
(scrlayer)             hoping, that this is a length and
(scrlayer)             not only a macro on input line 136.
Package scrlayer Info: patching LaTeX kernel macro \pagestyle on input line 216
2.
)
Package scrlayer-scrpage Info: Makeing stand-alone element `pagehead' from
(scrlayer-scrpage)             alias to `pageheadfoot' on input line 1085.
Package scrlayer-scrpage Info: deactivating warning for font element
(scrlayer-scrpage)             `pagefoot' on input line 1109.
)
Package scrlayer-scrpage Info: auto-selection of `pagestyleset=KOMA-Script'.

1: section
1: chapter
1: chapter
1: section
(/usr/share/texmf-dist/tex/latex/titlesec/titlesec.sty
Package: titlesec 2019/10/16 v2.13 Sectioning titles
\ttl@box=\box51
\beforetitleunit=\skip69
\aftertitleunit=\skip70
\ttl@plus=\dimen159
\ttl@minus=\dimen160
\ttl@toksa=\toks21
\titlewidth=\dimen161
\titlewidthlast=\dimen162
\titlewidthfirst=\dimen163


Package titlesec Warning: Non standard sectioning command \section
(titlesec)                detected. Using default spacing and no format.


Package titlesec Warning: Non standard sectioning command \subsection
(titlesec)                detected. Using default spacing and no format.


Package titlesec Warning: Non standard sectioning command \subsubsection
(titlesec)                detected. Using default spacing and no format.


Package titlesec Warning: Non standard sectioning command \paragraph
(titlesec)                detected. Using default spacing and no format.


Package titlesec Warning: Non standard sectioning command \subparagraph
(titlesec)                detected. Using default spacing and no format.

)

Class scrbook Warning: Usage of this version of package `titlesec'
(scrbook)              with KOMA-Script class `scrbook' is
(scrbook)              not recommended, because the package does not
(scrbook)              support KOMA-Script classes, but break them.
(scrbook)              If you want to use `titlesec' with KOMA-Script
(scrbook)              classes instead of using the KOMA-Script's
(scrbook)              user interface to configure the headings of
(scrbook)              parts, chapters, sections ... subparagraphs,
(scrbook)              please ask the author of `titlesec' for support.
(scrbook)              Expect errors like:
(scrbook)                - ``Illegal unit of measure (pt inserted).''
(scrbook)                - ``Missing number, treated as zero''
(scrbook)              after loading `titlesec' on input line 362.


Class scrbook Warning: Usage of package `tocloft' together
(scrbook)              with a KOMA-Script class is not recommended.
(scrbook)              I'd suggest to use options like `listof=entryprefix',
(scrbook)              commands like `\listoflofentryname' or
(scrbook)              `\listoflotentryname', and `\DeclareTOCStyleEntry' or
(scrbook)              `\RedeclareSectionCommand' instead of this package,
(scrbook)              because it breaks several KOMA-Script features of
(scrbook)              the list of figures, list of tables and table of
(scrbook)              contents, i.e., options like `listof=numbered',
(scrbook)              `listof=flat or `toc=flat', commands like
(scrbook)              `\BeforeTOCHead{...}' and `\AfterTOCHead{...}',
(scrbook)              `\BeforeStartingTOC{...}' and \AfterStartingTOC{...}',
(scrbook)              all features of `\DeclareTOCStyleEntry',
(scrbook)              and the ToC entry features of `\DeclareSecionCommand'
(scrbook)              and `\RedeclareSectionCommand' of levels
(scrbook)              `part', `section', `subsection',
(scrbook)              `subsubsection', `paragraph' and `subparagraph'.
(scrbook)              Nevertheless, using requested
(scrbook)              package `tocloft' on input line 416.

(/usr/share/texmf-dist/tex/latex/tocloft/tocloft.sty
Package: tocloft 2017/08/31 v2.3i parameterised ToC, etc., typesetting
Package tocloft Info: The document has chapter divisions on input line 51.
\cftparskip=\skip71
\cftbeforetoctitleskip=\skip72
\cftaftertoctitleskip=\skip73
\cftbeforepartskip=\skip74
\cftpartnumwidth=\skip75
\cftpartindent=\skip76
\cftbeforechapskip=\skip77
\cftchapindent=\skip78
\cftchapnumwidth=\skip79
\cftbeforesecskip=\skip80
\cftsecindent=\skip81
\cftsecnumwidth=\skip82
\cftbeforesubsecskip=\skip83
\cftsubsecindent=\skip84
\cftsubsecnumwidth=\skip85
\cftbeforesubsubsecskip=\skip86
\cftsubsubsecindent=\skip87
\cftsubsubsecnumwidth=\skip88
\cftbeforeparaskip=\skip89
\cftparaindent=\skip90
\cftparanumwidth=\skip91
\cftbeforesubparaskip=\skip92
\cftsubparaindent=\skip93
\cftsubparanumwidth=\skip94
\cftbeforeloftitleskip=\skip95
\cftafterloftitleskip=\skip96
\cftbeforefigskip=\skip97
\cftfigindent=\skip98
\cftfignumwidth=\skip99
\c@lofdepth=\count272
\c@lotdepth=\count273
\cftbeforelottitleskip=\skip100
\cftafterlottitleskip=\skip101
\cftbeforetabskip=\skip102
\cfttabindent=\skip103
\cfttabnumwidth=\skip104
)
\newnumberwidth=\skip105
\beforebibskip=\skip106
\newchnumberwidth=\skip107
\figurelabelwidth=\skip108
\tablelabelwidth=\skip109

Using KOMA-command "deffootnote" for footnote setup
(/usr/share/texmf-dist/tex/latex/koma-script/scrtime.sty
Package: scrtime 2021/03/17 v3.33 KOMA-Script package (time of LaTeX run)
)
(/usr/share/texmf-dist/tex/latex/caption/caption.sty
Package: caption 2020/10/26 v3.5g Customizing captions (AR)

(/usr/share/texmf-dist/tex/latex/caption/caption3.sty
Package: caption3 2020/10/21 v2.2e caption3 kernel (AR)
\captionmargin=\dimen164
\captionmargin@=\dimen165
\captionwidth=\dimen166
\caption@tempdima=\dimen167
\caption@indent=\dimen168
\caption@parindent=\dimen169
\caption@hangindent=\dimen170
Package caption Info: KOMA-Script document class detected.

(/usr/share/texmf-dist/tex/latex/caption/caption-koma.sto
File: caption-koma.sto 2020/09/21 v2.0b Adaption of the caption package to the 
KOMA-Script document classes (AR)
))
\c@caption@flags=\count274
\c@continuedfloat=\count275
Package caption Info: hyperref package is loaded.
)
(/usr/share/texmf-dist/tex/latex/carlisle/remreset.sty

Package remreset Warning: The remreset package is obsolete:
(remreset)                \@removefromreset is defined.

)
Package hyperref Info: Option `colorlinks' set `true' on input line 679.
Package hyperref Info: Option `linktocpage' set `true' on input line 679.
Package hyperref Info: Option `breaklinks' set `true' on input line 679.
) (/usr/share/texmf-dist/tex/latex/base/fontenc.sty
Package: fontenc 2020/08/10 v2.0s Standard LaTeX package
LaTeX Font Info:    Trying to load font information for T1+pplj on input line 1
12.

(/usr/share/texmf-dist/tex/latex/psnfss/t1pplj.fd
File: t1pplj.fd 2004/09/06 font definitions for T1/pplj.
))
(/usr/share/texmf-dist/tex/latex/graphics/graphicx.sty
Package: graphicx 2020/09/09 v1.2b Enhanced LaTeX Graphics (DPC,SPQR)

(/usr/share/texmf-dist/tex/latex/graphics/graphics.sty
Package: graphics 2020/08/30 v1.4c Standard LaTeX Graphics (DPC,SPQR)

(/usr/share/texmf-dist/tex/latex/graphics/trig.sty
Package: trig 2016/01/03 v1.10 sin cos tan (DPC)
)
(/usr/share/texmf-dist/tex/latex/graphics-cfg/graphics.cfg
File: graphics.cfg 2016/06/04 v1.11 sample graphics configuration
)
Package graphics Info: Driver file: pdftex.def on input line 105.
)
\Gin@req@height=\dimen171
\Gin@req@width=\dimen172
)
(/usr/share/texmf-dist/tex/generic/babel/babel.sty
Package: babel 2021/03/24 3.56 The Babel package

(/usr/share/texmf-dist/tex/generic/babel/babel.def
File: babel.def 2021/03/24 3.56 Babel common definitions
\babel@savecnt=\count276
\U@D=\dimen173
\l@babelnohyphens=\language87

(/usr/share/texmf-dist/tex/generic/babel/txtbabel.def)
\bbl@readstream=\read2
)
\bbl@dirlevel=\count277

(/usr/share/texmf-dist/tex/generic/babel-portuges/brazil.ldf
Language: portuges 2021/02/04 v1.2s Portuguese support from the babel system
Package babel Info: \l@brazil = using hyphenrules for portuguese
(babel)             (\language70) on input line 111.
Package babel Info: Making " an active character on input line 143.
)
(/usr/share/texmf-dist/tex/generic/babel-portuges/portuguese.ldf
Language: portuges 2021/02/04 v1.2s Portuguese support from the babel system
)
(/usr/share/texmf-dist/tex/generic/babel-english/english.ldf
Language: english 2017/06/06 v3.3r English support from the babel system
Package babel Info: \l@canadian = using hyphenrules for english
(babel)             (\language0) on input line 102.
Package babel Info: \l@australian = using hyphenrules for ukenglish
(babel)             (\language21) on input line 105.
Package babel Info: \l@newzealand = using hyphenrules for ukenglish
(babel)             (\language21) on input line 108.
))
(/usr/share/texmf-dist/tex/latex/amsmath/amsmath.sty
Package: amsmath 2020/09/23 v2.17i AMS math features
\@mathmargin=\skip110

For additional information on amsmath, use the `?' option.
(/usr/share/texmf-dist/tex/latex/amsmath/amstext.sty
Package: amstext 2000/06/29 v2.01 AMS text

(/usr/share/texmf-dist/tex/latex/amsmath/amsgen.sty
File: amsgen.sty 1999/11/30 v2.0 generic functions
\@emptytoks=\toks22
\ex@=\dimen174
))
(/usr/share/texmf-dist/tex/latex/amsmath/amsbsy.sty
Package: amsbsy 1999/11/29 v1.2d Bold Symbols
\pmbraise@=\dimen175
)
(/usr/share/texmf-dist/tex/latex/amsmath/amsopn.sty
Package: amsopn 2016/03/08 v2.02 operator names
)
\inf@bad=\count278
LaTeX Info: Redefining \frac on input line 234.
\uproot@=\count279
\leftroot@=\count280
LaTeX Info: Redefining \overline on input line 399.
\classnum@=\count281
\DOTSCASE@=\count282
LaTeX Info: Redefining \ldots on input line 496.
LaTeX Info: Redefining \dots on input line 499.
LaTeX Info: Redefining \cdots on input line 620.
\Mathstrutbox@=\box52
\strutbox@=\box53
\big@size=\dimen176
LaTeX Font Info:    Redeclaring font encoding OML on input line 743.
LaTeX Font Info:    Redeclaring font encoding OMS on input line 744.
\macc@depth=\count283
\c@MaxMatrixCols=\count284
\dotsspace@=\muskip17
\c@parentequation=\count285
\dspbrk@lvl=\count286
\tag@help=\toks23
\row@=\count287
\column@=\count288
\maxfields@=\count289
\andhelp@=\toks24
\eqnshift@=\dimen177
\alignsep@=\dimen178
\tagshift@=\dimen179
\tagwidth@=\dimen180
\totwidth@=\dimen181
\lineht@=\dimen182
\@envbody=\toks25
\multlinegap=\skip111
\multlinetaggap=\skip112
\mathdisplay@stack=\toks26
LaTeX Info: Redefining \[ on input line 2923.
LaTeX Info: Redefining \] on input line 2924.
)
(/usr/share/texmf-dist/tex/latex/tools/bm.sty
Package: bm 2019/07/24 v1.2d Bold Symbol Support (DPC/FMi)
\symboldoperators=\mathgroup5
\symboldletters=\mathgroup6
\symboldsymbols=\mathgroup7
\symboldupright=\mathgroup8
LaTeX Font Info:    Redeclaring math alphabet \mathbf on input line 141.
LaTeX Info: Redefining \bm on input line 209.
)
(/usr/share/texmf-dist/tex/latex/bbm-macros/bbm.sty
Package: bbm 1999/03/15 V 1.2 provides fonts for set symbols - TH
LaTeX Font Info:    Overwriting math alphabet `\mathbbm' in version `bold'
(Font)                  U/bbm/m/n --> U/bbm/bx/n on input line 33.
LaTeX Font Info:    Overwriting math alphabet `\mathbbmss' in version `bold'
(Font)                  U/bbmss/m/n --> U/bbmss/bx/n on input line 35.
)
(/usr/share/texmf-dist/tex/latex/amsfonts/amsfonts.sty
Package: amsfonts 2013/01/14 v3.01 Basic AMSFonts support
\symAMSa=\mathgroup9
\symAMSb=\mathgroup10
LaTeX Font Info:    Redeclaring math symbol \hbar on input line 98.
LaTeX Font Info:    Overwriting math alphabet `\mathfrak' in version `bold'
(Font)                  U/euf/m/n --> U/euf/b/n on input line 106.
)
(/usr/share/texmf-dist/tex/latex/amsfonts/amssymb.sty
Package: amssymb 2013/01/14 v3.01 AMS font symbols
)
(/usr/share/texmf-dist/tex/latex/amscls/amsthm.sty
Package: amsthm 2020/05/29 v2.20.6
\thm@style=\toks27
\thm@bodyfont=\toks28
\thm@headfont=\toks29
\thm@notefont=\toks30
\thm@headpunct=\toks31
\thm@preskip=\skip113
\thm@postskip=\skip114
\thm@headsep=\skip115
\dth@everypar=\toks32
)
(/usr/share/texmf-dist/tex/latex/xpatch/xpatch.sty
(/usr/share/texmf-dist/tex/latex/l3kernel/expl3.sty
Package: expl3 2021-02-18 L3 programming layer (loader) 

(/usr/share/texmf-dist/tex/latex/l3backend/l3backend-pdftex.def
File: l3backend-pdftex.def 2021-03-18 L3 backend support: PDF output (pdfTeX)
\l__color_backend_stack_int=\count290
\l__pdf_internal_box=\box54
))
Package: xpatch 2020/03/25 v0.3a Extending etoolbox patching commands

(/usr/share/texmf-dist/tex/latex/l3packages/xparse/xparse.sty
(/usr/share/texmf-dist/tex/latex/l3packages/xparse/xparse-2020-10-01.sty
(/usr/share/texmf-dist/tex/latex/l3packages/xparse/xparse-generic.tex)))
(/usr/share/texmf-dist/tex/latex/etoolbox/etoolbox.sty
Package: etoolbox 2020/10/05 v2.5k e-TeX tools for LaTeX (JAW)
\etb@tempcnta=\count291
))
Class scrbook Info: amsthm's \deferred@thm@head patched.

(/usr/share/texmf-dist/tex/latex/breqn/breqn.sty
Package: breqn 2020/09/24 v0.98k Breaking equations

(/usr/share/texmf-dist/tex/latex/breqn/flexisym.sty
Package: flexisym 2020/09/24 v0.98k Make math characters macros
LaTeX Info: Redefining \textprime on input line 299.
LaTeX Info: Redefining \not on input line 357.

(/usr/share/texmf-dist/tex/latex/breqn/cmbase.sym
File: cmbase.sym 2007/12/19 v0.92
LaTeX Info: Redefining \hbar on input line 324.
LaTeX Info: Redefining \surd on input line 326.
LaTeX Info: Redefining \angle on input line 334.
LaTeX Info: Redefining \neq on input line 335.
LaTeX Info: Redefining \mapsto on input line 336.
LaTeX Info: Redefining \cong on input line 337.
LaTeX Info: Redefining \notin on input line 340.
LaTeX Info: Redefining \rightleftharpoons on input line 341.
LaTeX Info: Redefining \doteq on input line 342.
LaTeX Info: Redefining \hookrightarrow on input line 343.
LaTeX Info: Redefining \hookleftarrow on input line 344.
LaTeX Info: Redefining \bowtie on input line 345.
LaTeX Info: Redefining \models on input line 346.
LaTeX Info: Redefining \Longrightarrow on input line 347.
LaTeX Info: Redefining \longrightarrow on input line 348.
LaTeX Info: Redefining \Longleftarrow on input line 349.
LaTeX Info: Redefining \longleftarrow on input line 350.
LaTeX Info: Redefining \longmapsto on input line 351.
LaTeX Info: Redefining \longleftrightarrow on input line 352.
LaTeX Info: Redefining \Longleftrightarrow on input line 353.
LaTeX Info: Redefining \cdots on input line 357.
LaTeX Info: Redefining \vdots on input line 360.
LaTeX Info: Redefining \ddots on input line 365.
)
(/usr/share/texmf-dist/tex/latex/breqn/mathstyle.sty
Package: mathstyle 2020/09/24 v0.98k Tracking mathstyle implicitly
LaTeX Info: Redefining \displaystyle on input line 95.
LaTeX Info: Redefining \textstyle on input line 97.
LaTeX Info: Redefining \scriptstyle on input line 99.
LaTeX Info: Redefining \scriptscriptstyle on input line 101.
LaTeX Info: Redefining \genfrac on input line 149.
))
(/usr/share/texmf-dist/tex/latex/tools/calc.sty
Package: calc 2017/05/25 v4.3 Infix arithmetic (KKT,FJ)
\calc@Acount=\count292
\calc@Bcount=\count293
\calc@Adimen=\dimen183
\calc@Bdimen=\dimen184
\calc@Askip=\skip116
\calc@Bskip=\skip117
LaTeX Info: Redefining \setlength on input line 80.
LaTeX Info: Redefining \addtolength on input line 81.
\calc@Ccount=\count294
\calc@Cskip=\skip118
)
\inf@bad=\count295
\maxint=\count296
\listwidth=\dimen185
\eqnumsep=\dimen186
\eqmargin=\dimen187
\eqlinespacing=\skip119
\eqlineskip=\skip120
\eqlineskiplimit=\dimen188
\eqbinoffset=\muskip18
\eqdelimoffset=\muskip19
\eqindentstep=\dimen189
\eqstyle=\toks33
\eqbreakdepth=\count297
\eqinterlinepenalty=\count298
\intereqpenalty=\count299
\intereqskip=\skip121
\prerelpenalty=\count300
\prebinoppenalty=\count301
\Dmedmuskip=\muskip20
\Dthickmuskip=\muskip21
\eqleftskip=\skip122
\eqrightskip=\skip123
\eq@vspan=\skip124
\eq@binoffset=\muskip22
\EQ@box=\box55
\EQ@copy=\box56
\EQ@numbox=\box57
\eq@wdNum=\dimen190
\GRP@numbox=\box58
\grp@wdNum=\dimen191
\eq@lines=\count302
\eq@curline=\count303
\eq@badness=\count304
\EQ@vims=\count305
\eq@dp=\dimen192
\eq@wdL=\dimen193
\eq@wdT=\dimen194
\eq@wdMin=\dimen195
\grp@wdL=\dimen196
\grp@wdR=\dimen197
\grp@wdT=\dimen198
\eq@wdRmax=\dimen199
\eq@firstht=\dimen256
\eq@wdCond=\dimen257
\eq@indentstep=\dimen258
\eq@linewidth=\dimen259
\grp@linewidth=\dimen260
\eq@hshift=\dimen261
\eq@given@sidespace=\dimen262
\mathindent=\dimen263
\eq@final@linecount=\count306
\eq@wdR=\dimen264
\EQ@continue=\toks34
\lr@level=\count307
\GRP@queue=\toks35
\GRP@box=\box59
\GRP@wholebox=\box60
\darraycolsep=\skip125
\cur@row=\count308
\cur@col=\count309
\conditionsep=\skip126
)
(/usr/share/texmf-dist/tex/latex/pdfpages/pdfpages.sty
Package: pdfpages 2021/03/06 v0.5t Insert pages of external PDF documents (AM)

(/usr/share/texmf-dist/tex/latex/eso-pic/eso-pic.sty
Package: eso-pic 2020/10/14 v3.0a eso-pic (RN)
\ESO@tempdima=\dimen265
\ESO@tempdimb=\dimen266
)
\AM@pagewidth=\dimen267
\AM@pageheight=\dimen268
\AM@fboxrule=\dimen269

(/usr/share/texmf-dist/tex/latex/pdfpages/pppdftex.def
File: pppdftex.def 2021/03/06 v0.5t Pdfpages driver for pdfTeX (AM)
)
\pdfpages@includegraphics@status=\count310
\AM@pagebox=\box61
\AM@global@opts=\toks36
\AM@pagecnt=\count311
\AM@toc@title=\toks37
\c@AM@survey=\count312
\AM@templatesizebox=\box62
)
(/usr/share/texmf-dist/tex/latex/base/makeidx.sty
Package: makeidx 2014/09/29 v1.0m Standard LaTeX package
)
(/usr/share/texmf-dist/tex/latex/blindtext/blindtext.sty
Package: blindtext 2012/01/06 V2.0 blindtext-Package

(/usr/share/texmf-dist/tex/latex/tools/xspace.sty
Package: xspace 2014/10/28 v1.13 Space after command names (DPC,MH)
)
\c@blindtext=\count313
\c@Blindtext=\count314
\c@blind@countparstart=\count315
\blind@countxx=\count316
\blindtext@numBlindtext=\count317
\blind@countyy=\count318
\c@blindlist=\count319
\c@blindlistlevel=\count320
\c@blindlist@level=\count321
\blind@listitem=\count322
\c@blind@listcount=\count323
\c@blind@levelcount=\count324
\blind@mathformula=\count325
\blind@Mathformula=\count326
\c@blind@randomcount=\count327
\c@blind@randommax=\count328
\c@blind@pangramcount=\count329
\c@blind@pangrammax=\count330
)
(/usr/share/texmf-dist/tex/latex/forest/forest.sty
Package: forest 2017/07/14 v2.1.5 Drawing (linguistic) trees

(/usr/share/texmf-dist/tex/latex/pgf/frontendlayer/tikz.sty
(/usr/share/texmf-dist/tex/latex/pgf/basiclayer/pgf.sty
(/usr/share/texmf-dist/tex/latex/pgf/utilities/pgfrcs.sty
(/usr/share/texmf-dist/tex/generic/pgf/utilities/pgfutil-common.tex
\pgfutil@everybye=\toks38
\pgfutil@tempdima=\dimen270
\pgfutil@tempdimb=\dimen271

(/usr/share/texmf-dist/tex/generic/pgf/utilities/pgfutil-common-lists.tex))
(/usr/share/texmf-dist/tex/generic/pgf/utilities/pgfutil-latex.def
\pgfutil@abb=\box63
)
(/usr/share/texmf-dist/tex/generic/pgf/utilities/pgfrcs.code.tex
(/usr/share/texmf-dist/tex/generic/pgf/pgf.revision.tex)
Package: pgfrcs 2020/12/27 v3.1.8b (3.1.8b)
))
Package: pgf 2020/12/27 v3.1.8b (3.1.8b)

(/usr/share/texmf-dist/tex/latex/pgf/basiclayer/pgfcore.sty
(/usr/share/texmf-dist/tex/latex/pgf/systemlayer/pgfsys.sty
(/usr/share/texmf-dist/tex/generic/pgf/systemlayer/pgfsys.code.tex
Package: pgfsys 2020/12/27 v3.1.8b (3.1.8b)

(/usr/share/texmf-dist/tex/generic/pgf/utilities/pgfkeys.code.tex
\pgfkeys@pathtoks=\toks39
\pgfkeys@temptoks=\toks40

(/usr/share/texmf-dist/tex/generic/pgf/utilities/pgfkeysfiltered.code.tex
\pgfkeys@tmptoks=\toks41
))
\pgf@x=\dimen272
\pgf@y=\dimen273
\pgf@xa=\dimen274
\pgf@ya=\dimen275
\pgf@xb=\dimen276
\pgf@yb=\dimen277
\pgf@xc=\dimen278
\pgf@yc=\dimen279
\pgf@xd=\dimen280
\pgf@yd=\dimen281
\w@pgf@writea=\write3
\r@pgf@reada=\read3
\c@pgf@counta=\count331
\c@pgf@countb=\count332
\c@pgf@countc=\count333
\c@pgf@countd=\count334
\t@pgf@toka=\toks42
\t@pgf@tokb=\toks43
\t@pgf@tokc=\toks44
\pgf@sys@id@count=\count335

(/usr/share/texmf-dist/tex/generic/pgf/systemlayer/pgf.cfg
File: pgf.cfg 2020/12/27 v3.1.8b (3.1.8b)
)
Driver file for pgf: pgfsys-pdftex.def

(/usr/share/texmf-dist/tex/generic/pgf/systemlayer/pgfsys-pdftex.def
File: pgfsys-pdftex.def 2020/12/27 v3.1.8b (3.1.8b)

(/usr/share/texmf-dist/tex/generic/pgf/systemlayer/pgfsys-common-pdf.def
File: pgfsys-common-pdf.def 2020/12/27 v3.1.8b (3.1.8b)
)))
(/usr/share/texmf-dist/tex/generic/pgf/systemlayer/pgfsyssoftpath.code.tex
File: pgfsyssoftpath.code.tex 2020/12/27 v3.1.8b (3.1.8b)
\pgfsyssoftpath@smallbuffer@items=\count336
\pgfsyssoftpath@bigbuffer@items=\count337
)
(/usr/share/texmf-dist/tex/generic/pgf/systemlayer/pgfsysprotocol.code.tex
File: pgfsysprotocol.code.tex 2020/12/27 v3.1.8b (3.1.8b)
))
(/usr/share/texmf-dist/tex/generic/pgf/basiclayer/pgfcore.code.tex
Package: pgfcore 2020/12/27 v3.1.8b (3.1.8b)

(/usr/share/texmf-dist/tex/generic/pgf/math/pgfmath.code.tex
(/usr/share/texmf-dist/tex/generic/pgf/math/pgfmathcalc.code.tex
(/usr/share/texmf-dist/tex/generic/pgf/math/pgfmathutil.code.tex)
(/usr/share/texmf-dist/tex/generic/pgf/math/pgfmathparser.code.tex
\pgfmath@dimen=\dimen282
\pgfmath@count=\count338
\pgfmath@box=\box64
\pgfmath@toks=\toks45
\pgfmath@stack@operand=\toks46
\pgfmath@stack@operation=\toks47
)
(/usr/share/texmf-dist/tex/generic/pgf/math/pgfmathfunctions.code.tex
(/usr/share/texmf-dist/tex/generic/pgf/math/pgfmathfunctions.basic.code.tex)
(/usr/share/texmf-dist/tex/generic/pgf/math/pgfmathfunctions.trigonometric.code
.tex)
(/usr/share/texmf-dist/tex/generic/pgf/math/pgfmathfunctions.random.code.tex)
(/usr/share/texmf-dist/tex/generic/pgf/math/pgfmathfunctions.comparison.code.te
x) (/usr/share/texmf-dist/tex/generic/pgf/math/pgfmathfunctions.base.code.tex)
(/usr/share/texmf-dist/tex/generic/pgf/math/pgfmathfunctions.round.code.tex)
(/usr/share/texmf-dist/tex/generic/pgf/math/pgfmathfunctions.misc.code.tex)
(/usr/share/texmf-dist/tex/generic/pgf/math/pgfmathfunctions.integerarithmetics
.code.tex))) (/usr/share/texmf-dist/tex/generic/pgf/math/pgfmathfloat.code.tex
\c@pgfmathroundto@lastzeros=\count339
)) (/usr/share/texmf-dist/tex/generic/pgf/math/pgfint.code.tex)
(/usr/share/texmf-dist/tex/generic/pgf/basiclayer/pgfcorepoints.code.tex
File: pgfcorepoints.code.tex 2020/12/27 v3.1.8b (3.1.8b)
\pgf@picminx=\dimen283
\pgf@picmaxx=\dimen284
\pgf@picminy=\dimen285
\pgf@picmaxy=\dimen286
\pgf@pathminx=\dimen287
\pgf@pathmaxx=\dimen288
\pgf@pathminy=\dimen289
\pgf@pathmaxy=\dimen290
\pgf@xx=\dimen291
\pgf@xy=\dimen292
\pgf@yx=\dimen293
\pgf@yy=\dimen294
\pgf@zx=\dimen295
\pgf@zy=\dimen296
)
(/usr/share/texmf-dist/tex/generic/pgf/basiclayer/pgfcorepathconstruct.code.tex
File: pgfcorepathconstruct.code.tex 2020/12/27 v3.1.8b (3.1.8b)
\pgf@path@lastx=\dimen297
\pgf@path@lasty=\dimen298
) (/usr/share/texmf-dist/tex/generic/pgf/basiclayer/pgfcorepathusage.code.tex
File: pgfcorepathusage.code.tex 2020/12/27 v3.1.8b (3.1.8b)
\pgf@shorten@end@additional=\dimen299
\pgf@shorten@start@additional=\dimen300
)
(/usr/share/texmf-dist/tex/generic/pgf/basiclayer/pgfcorescopes.code.tex
File: pgfcorescopes.code.tex 2020/12/27 v3.1.8b (3.1.8b)
\pgfpic=\box65
\pgf@hbox=\box66
\pgf@layerbox@main=\box67
\pgf@picture@serial@count=\count340
)
(/usr/share/texmf-dist/tex/generic/pgf/basiclayer/pgfcoregraphicstate.code.tex
File: pgfcoregraphicstate.code.tex 2020/12/27 v3.1.8b (3.1.8b)
\pgflinewidth=\dimen301
)
(/usr/share/texmf-dist/tex/generic/pgf/basiclayer/pgfcoretransformations.code.t
ex
File: pgfcoretransformations.code.tex 2020/12/27 v3.1.8b (3.1.8b)
\pgf@pt@x=\dimen302
\pgf@pt@y=\dimen303
\pgf@pt@temp=\dimen304
) (/usr/share/texmf-dist/tex/generic/pgf/basiclayer/pgfcorequick.code.tex
File: pgfcorequick.code.tex 2020/12/27 v3.1.8b (3.1.8b)
)
(/usr/share/texmf-dist/tex/generic/pgf/basiclayer/pgfcoreobjects.code.tex
File: pgfcoreobjects.code.tex 2020/12/27 v3.1.8b (3.1.8b)
)
(/usr/share/texmf-dist/tex/generic/pgf/basiclayer/pgfcorepathprocessing.code.te
x
File: pgfcorepathprocessing.code.tex 2020/12/27 v3.1.8b (3.1.8b)
) (/usr/share/texmf-dist/tex/generic/pgf/basiclayer/pgfcorearrows.code.tex
File: pgfcorearrows.code.tex 2020/12/27 v3.1.8b (3.1.8b)
\pgfarrowsep=\dimen305
)
(/usr/share/texmf-dist/tex/generic/pgf/basiclayer/pgfcoreshade.code.tex
File: pgfcoreshade.code.tex 2020/12/27 v3.1.8b (3.1.8b)
\pgf@max=\dimen306
\pgf@sys@shading@range@num=\count341
\pgf@shadingcount=\count342
)
(/usr/share/texmf-dist/tex/generic/pgf/basiclayer/pgfcoreimage.code.tex
File: pgfcoreimage.code.tex 2020/12/27 v3.1.8b (3.1.8b)

(/usr/share/texmf-dist/tex/generic/pgf/basiclayer/pgfcoreexternal.code.tex
File: pgfcoreexternal.code.tex 2020/12/27 v3.1.8b (3.1.8b)
\pgfexternal@startupbox=\box68
))
(/usr/share/texmf-dist/tex/generic/pgf/basiclayer/pgfcorelayers.code.tex
File: pgfcorelayers.code.tex 2020/12/27 v3.1.8b (3.1.8b)
)
(/usr/share/texmf-dist/tex/generic/pgf/basiclayer/pgfcoretransparency.code.tex
File: pgfcoretransparency.code.tex 2020/12/27 v3.1.8b (3.1.8b)
) (/usr/share/texmf-dist/tex/generic/pgf/basiclayer/pgfcorepatterns.code.tex
File: pgfcorepatterns.code.tex 2020/12/27 v3.1.8b (3.1.8b)
)
(/usr/share/texmf-dist/tex/generic/pgf/basiclayer/pgfcorerdf.code.tex
File: pgfcorerdf.code.tex 2020/12/27 v3.1.8b (3.1.8b)
)))
(/usr/share/texmf-dist/tex/generic/pgf/modules/pgfmoduleshapes.code.tex
File: pgfmoduleshapes.code.tex 2020/12/27 v3.1.8b (3.1.8b)
\pgfnodeparttextbox=\box69
)
(/usr/share/texmf-dist/tex/generic/pgf/modules/pgfmoduleplot.code.tex
File: pgfmoduleplot.code.tex 2020/12/27 v3.1.8b (3.1.8b)
)
(/usr/share/texmf-dist/tex/latex/pgf/compatibility/pgfcomp-version-0-65.sty
Package: pgfcomp-version-0-65 2020/12/27 v3.1.8b (3.1.8b)
\pgf@nodesepstart=\dimen307
\pgf@nodesepend=\dimen308
)
(/usr/share/texmf-dist/tex/latex/pgf/compatibility/pgfcomp-version-1-18.sty
Package: pgfcomp-version-1-18 2020/12/27 v3.1.8b (3.1.8b)
))
(/usr/share/texmf-dist/tex/latex/pgf/utilities/pgffor.sty
(/usr/share/texmf-dist/tex/latex/pgf/utilities/pgfkeys.sty
(/usr/share/texmf-dist/tex/generic/pgf/utilities/pgfkeys.code.tex))
(/usr/share/texmf-dist/tex/latex/pgf/math/pgfmath.sty
(/usr/share/texmf-dist/tex/generic/pgf/math/pgfmath.code.tex))
(/usr/share/texmf-dist/tex/generic/pgf/utilities/pgffor.code.tex
Package: pgffor 2020/12/27 v3.1.8b (3.1.8b)

(/usr/share/texmf-dist/tex/generic/pgf/math/pgfmath.code.tex)
\pgffor@iter=\dimen309
\pgffor@skip=\dimen310
\pgffor@stack=\toks48
\pgffor@toks=\toks49
))
(/usr/share/texmf-dist/tex/generic/pgf/frontendlayer/tikz/tikz.code.tex
Package: tikz 2020/12/27 v3.1.8b (3.1.8b)

(/usr/share/texmf-dist/tex/generic/pgf/libraries/pgflibraryplothandlers.code.te
x
File: pgflibraryplothandlers.code.tex 2020/12/27 v3.1.8b (3.1.8b)
\pgf@plot@mark@count=\count343
\pgfplotmarksize=\dimen311
)
\tikz@lastx=\dimen312
\tikz@lasty=\dimen313
\tikz@lastxsaved=\dimen314
\tikz@lastysaved=\dimen315
\tikz@lastmovetox=\dimen316
\tikz@lastmovetoy=\dimen317
\tikzleveldistance=\dimen318
\tikzsiblingdistance=\dimen319
\tikz@figbox=\box70
\tikz@figbox@bg=\box71
\tikz@tempbox=\box72
\tikz@tempbox@bg=\box73
\tikztreelevel=\count344
\tikznumberofchildren=\count345
\tikznumberofcurrentchild=\count346
\tikz@fig@count=\count347
 (/usr/share/texmf-dist/tex/generic/pgf/modules/pgfmodulematrix.code.tex
File: pgfmodulematrix.code.tex 2020/12/27 v3.1.8b (3.1.8b)
\pgfmatrixcurrentrow=\count348
\pgfmatrixcurrentcolumn=\count349
\pgf@matrix@numberofcolumns=\count350
)
\tikz@expandcount=\count351

(/usr/share/texmf-dist/tex/generic/pgf/frontendlayer/tikz/libraries/tikzlibrary
topaths.code.tex
File: tikzlibrarytopaths.code.tex 2020/12/27 v3.1.8b (3.1.8b)
)))
(/usr/share/texmf-dist/tex/generic/pgf/frontendlayer/tikz/libraries/tikzlibrary
shapes.code.tex
File: tikzlibraryshapes.code.tex 2020/12/27 v3.1.8b (3.1.8b)

(/usr/share/texmf-dist/tex/generic/pgf/frontendlayer/tikz/libraries/tikzlibrary
shapes.geometric.code.tex
File: tikzlibraryshapes.geometric.code.tex 2020/12/27 v3.1.8b (3.1.8b)

(/usr/share/texmf-dist/tex/generic/pgf/libraries/shapes/pgflibraryshapes.geomet
ric.code.tex
File: pgflibraryshapes.geometric.code.tex 2020/12/27 v3.1.8b (3.1.8b)
))
(/usr/share/texmf-dist/tex/generic/pgf/frontendlayer/tikz/libraries/tikzlibrary
shapes.misc.code.tex
File: tikzlibraryshapes.misc.code.tex 2020/12/27 v3.1.8b (3.1.8b)

(/usr/share/texmf-dist/tex/generic/pgf/libraries/shapes/pgflibraryshapes.misc.c
ode.tex
File: pgflibraryshapes.misc.code.tex 2020/12/27 v3.1.8b (3.1.8b)
))
(/usr/share/texmf-dist/tex/generic/pgf/frontendlayer/tikz/libraries/tikzlibrary
shapes.symbols.code.tex
File: tikzlibraryshapes.symbols.code.tex 2020/12/27 v3.1.8b (3.1.8b)

(/usr/share/texmf-dist/tex/generic/pgf/libraries/shapes/pgflibraryshapes.symbol
s.code.tex
File: pgflibraryshapes.symbols.code.tex 2020/12/27 v3.1.8b (3.1.8b)
))
(/usr/share/texmf-dist/tex/generic/pgf/frontendlayer/tikz/libraries/tikzlibrary
shapes.arrows.code.tex
File: tikzlibraryshapes.arrows.code.tex 2020/12/27 v3.1.8b (3.1.8b)

(/usr/share/texmf-dist/tex/generic/pgf/libraries/shapes/pgflibraryshapes.arrows
.code.tex
File: pgflibraryshapes.arrows.code.tex 2020/12/27 v3.1.8b (3.1.8b)
))
(/usr/share/texmf-dist/tex/generic/pgf/frontendlayer/tikz/libraries/tikzlibrary
shapes.callouts.code.tex
(/usr/share/texmf-dist/tex/generic/pgf/libraries/shapes/pgflibraryshapes.callou
ts.code.tex))
(/usr/share/texmf-dist/tex/generic/pgf/frontendlayer/tikz/libraries/tikzlibrary
shapes.multipart.code.tex
File: tikzlibraryshapes.multipart.code.tex 2020/12/27 v3.1.8b (3.1.8b)

(/usr/share/texmf-dist/tex/generic/pgf/libraries/shapes/pgflibraryshapes.multip
art.code.tex
File: pgflibraryshapes.multipart.code.tex 2020/12/27 v3.1.8b (3.1.8b)
\pgfnodepartlowerbox=\box74
\pgfnodeparttwobox=\box75
\pgfnodepartthreebox=\box76
\pgfnodepartfourbox=\box77
\pgfnodeparttwentybox=\box78
\pgfnodepartnineteenbox=\box79
\pgfnodeparteighteenbox=\box80
\pgfnodepartseventeenbox=\box81
\pgfnodepartsixteenbox=\box82
\pgfnodepartfifteenbox=\box83
\pgfnodepartfourteenbox=\box84
\pgfnodepartthirteenbox=\box85
\pgfnodeparttwelvebox=\box86
\pgfnodepartelevenbox=\box87
\pgfnodeparttenbox=\box88
\pgfnodepartninebox=\box89
\pgfnodeparteightbox=\box90
\pgfnodepartsevenbox=\box91
\pgfnodepartsixbox=\box92
\pgfnodepartfivebox=\box93
)))
(/usr/share/texmf-dist/tex/generic/pgf/frontendlayer/tikz/libraries/tikzlibrary
fit.code.tex
File: tikzlibraryfit.code.tex 2020/12/27 v3.1.8b (3.1.8b)
)
(/usr/share/texmf-dist/tex/generic/pgf/frontendlayer/tikz/libraries/tikzlibrary
calc.code.tex
File: tikzlibrarycalc.code.tex 2020/12/27 v3.1.8b (3.1.8b)
)
(/usr/share/texmf-dist/tex/generic/pgf/libraries/pgflibraryintersections.code.t
ex (/usr/share/texmf-dist/tex/generic/pgf/libraries/pgflibraryfpu.code.tex)
\pgf@intersect@solutions=\count352
)
(/usr/share/texmf-dist/tex/latex/pgfopts/pgfopts.sty
Package: pgfopts 2014/07/10 v2.1a LaTeX package options with pgfkeys
\pgfopts@list@add@a@toks=\toks50
\pgfopts@list@add@b@toks=\toks51
)
(/usr/share/texmf-dist/tex/latex/elocalloc/elocalloc.sty
Package: elocalloc 2016/12/15 v0.03 local allocation for LaTeX 2015+ (DPC)
)
(/usr/share/texmf-dist/tex/latex/environ/environ.sty
Package: environ 2014/05/04 v0.3 A new way to define environments

(/usr/share/texmf-dist/tex/latex/trimspaces/trimspaces.sty
Package: trimspaces 2009/09/17 v1.1 Trim spaces around a token list
))
(/usr/share/texmf-dist/tex/latex/inlinedef/inlinedef.sty
Package: inlinedef 2008/07/10 v1.0 Inlined expansions within definitions
\ID@toks=\toks52
\ID@count=\count353
)
\ID@usercommands=\toks53
\safeloop@depth=\count354
\safeRKloop@depth=\count355
\forest@temp@dimen=\dimen320
\forest@temp@count=\count356
\forest@n=\count357
\forest@temp@global@count=\count358
\forest@temp@toks=\toks54
\forest@temparray@M=\count359
\forest@temparray@N=\count360
\forest@global@temparray@M=\count361
\forest@global@temparray@N=\count362
\forest@isnum@count=\count363
\forest@isdim@nonintpart=\count364
\forest@isdim@dimen=\dimen321
\forest@sort@m=\count365
\forest@sort@k=\count366
\forest@sort@p=\count367
\bracket@content=\toks55
\bracket@afterthought=\toks56
\forest@node@maxid=\count368
\forest@process@left@M=\count369
\forest@process@left@N=\count370
\forest@process@right@M=\count371
\forest@process@right@N=\count372
\forest@process@saved@M=\count373
\forest@process@saved@N=\count374
\forest@process@result@M=\count375
\forest@process@result@N=\count376
\forest@process@n=\count377
\forest@nodewalk@branch@toks=\toks57
\forest@nodewalk@shortsteps@resolution=\toks58
\forest@do@dynamics=\toks59
\forest@box=\box94
\forest@xg=\dimen322
\forest@yg=\dimen323
\forest@xs=\dimen324
\forest@ys=\dimen325
\forest@pi@toks=\toks60
\forest@segment@toks=\toks61
\forest@PIi@toks=\toks62
\forest@PIii@toks=\toks63
\forest@copy@in=\read4
\forest@copy@out=\write4
\forest@externalize@max@outer@n=\count378
\forest@externalize@inner@n=\count379
)
(/usr/share/texmf-dist/tex/latex/pgfplots/pgfplots.sty
(/usr/share/texmf-dist/tex/generic/pgfplots/pgfplots.revision.tex)
Package: pgfplots 2020/02/29 v1.17 Data Visualization (1.17)

(/usr/share/texmf-dist/tex/generic/pgfplots/pgfplots.code.tex
(/usr/share/texmf-dist/tex/generic/pgfplots/pgfplotscore.code.tex
\t@pgfplots@toka=\toks64
\t@pgfplots@tokb=\toks65
\t@pgfplots@tokc=\toks66
\pgfplots@tmpa=\dimen326
\c@pgfplots@coordindex=\count380
\c@pgfplots@scanlineindex=\count381

(/usr/share/texmf-dist/tex/generic/pgfplots/sys/pgfplotssysgeneric.code.tex))
(/usr/share/texmf-dist/tex/generic/pgfplots/libs/pgfplotslibrary.code.tex)
(/usr/share/texmf-dist/tex/generic/pgfplots/oldpgfcompatib/pgfplotsoldpgfsupp_l
oader.code.tex)
(/usr/share/texmf-dist/tex/generic/pgfplots/util/pgfplotsutil.code.tex
(/usr/share/texmf-dist/tex/generic/pgfplots/liststructure/pgfplotsliststructure
.code.tex)
(/usr/share/texmf-dist/tex/generic/pgfplots/liststructure/pgfplotsliststructure
ext.code.tex)
(/usr/share/texmf-dist/tex/generic/pgfplots/liststructure/pgfplotsarray.code.te
x
\c@pgfplotsarray@tmp=\count382
)
(/usr/share/texmf-dist/tex/generic/pgfplots/liststructure/pgfplotsmatrix.code.t
ex)
(/usr/share/texmf-dist/tex/generic/pgfplots/numtable/pgfplotstableshared.code.t
ex
\c@pgfplotstable@counta=\count383
\t@pgfplotstable@a=\toks67
)
(/usr/share/texmf-dist/tex/generic/pgfplots/liststructure/pgfplotsdeque.code.te
x) (/usr/share/texmf-dist/tex/generic/pgfplots/util/pgfplotsbinary.code.tex
(/usr/share/texmf-dist/tex/generic/pgfplots/util/pgfplotsbinary.data.code.tex))
(/usr/share/texmf-dist/tex/generic/pgfplots/util/pgfplotsutil.verb.code.tex)
(/usr/share/texmf-dist/tex/generic/pgfplots/libs/pgflibrarypgfplots.surfshading
.code.tex
\c@pgfplotslibrarysurf@no=\count384

(/usr/share/texmf-dist/tex/generic/pgfplots/sys/pgflibrarypgfplots.surfshading.
pgfsys-pdftex.def)))
(/usr/share/texmf-dist/tex/generic/pgfplots/util/pgfplotscolormap.code.tex
(/usr/share/texmf-dist/tex/generic/pgfplots/util/pgfplotscolor.code.tex))
(/usr/share/texmf-dist/tex/generic/pgfplots/pgfplotsstackedplots.code.tex)
(/usr/share/texmf-dist/tex/generic/pgfplots/pgfplotsplothandlers.code.tex
(/usr/share/texmf-dist/tex/generic/pgfplots/pgfplotsmeshplothandler.code.tex
(/usr/share/texmf-dist/tex/generic/pgfplots/pgfplotsmeshplotimage.code.tex)))
(/usr/share/texmf-dist/tex/generic/pgfplots/pgfplots.scaling.code.tex)
(/usr/share/texmf-dist/tex/generic/pgfplots/pgfplotscoordprocessing.code.tex)
(/usr/share/texmf-dist/tex/generic/pgfplots/pgfplots.errorbars.code.tex)
(/usr/share/texmf-dist/tex/generic/pgfplots/pgfplots.markers.code.tex)
(/usr/share/texmf-dist/tex/generic/pgfplots/pgfplotsticks.code.tex)
(/usr/share/texmf-dist/tex/generic/pgfplots/pgfplots.paths.code.tex)
(/usr/share/texmf-dist/tex/generic/pgf/frontendlayer/tikz/libraries/tikzlibrary
decorations.code.tex
(/usr/share/texmf-dist/tex/generic/pgf/modules/pgfmoduledecorations.code.tex
\pgfdecoratedcompleteddistance=\dimen327
\pgfdecoratedremainingdistance=\dimen328
\pgfdecoratedinputsegmentcompleteddistance=\dimen329
\pgfdecoratedinputsegmentremainingdistance=\dimen330
\pgf@decorate@distancetomove=\dimen331
\pgf@decorate@repeatstate=\count385
\pgfdecorationsegmentamplitude=\dimen332
\pgfdecorationsegmentlength=\dimen333
)
\tikz@lib@dec@box=\box95
)
(/usr/share/texmf-dist/tex/generic/pgf/frontendlayer/tikz/libraries/tikzlibrary
decorations.pathmorphing.code.tex
(/usr/share/texmf-dist/tex/generic/pgf/libraries/decorations/pgflibrarydecorati
ons.pathmorphing.code.tex))
(/usr/share/texmf-dist/tex/generic/pgf/frontendlayer/tikz/libraries/tikzlibrary
decorations.pathreplacing.code.tex
(/usr/share/texmf-dist/tex/generic/pgf/libraries/decorations/pgflibrarydecorati
ons.pathreplacing.code.tex))
\pgfplots@numplots=\count386
\pgfplots@xmin@reg=\dimen334
\pgfplots@xmax@reg=\dimen335
\pgfplots@ymin@reg=\dimen336
\pgfplots@ymax@reg=\dimen337
\pgfplots@zmin@reg=\dimen338
\pgfplots@zmax@reg=\dimen339
)
(/usr/share/texmf-dist/tex/generic/pgf/frontendlayer/tikz/libraries/tikzlibrary
plotmarks.code.tex
File: tikzlibraryplotmarks.code.tex 2020/12/27 v3.1.8b (3.1.8b)

(/usr/share/texmf-dist/tex/generic/pgf/libraries/pgflibraryplotmarks.code.tex
File: pgflibraryplotmarks.code.tex 2020/12/27 v3.1.8b (3.1.8b)
))) (/usr/share/texmf-dist/tex/latex/jknapltx/mathrsfs.sty
Package: mathrsfs 1996/01/01 Math RSFS package v1.0 (jk)
\symrsfs=\mathgroup11
)
(/usr/share/texmf-dist/tex/latex/tools/enumerate.sty
Package: enumerate 2015/07/23 v3.00 enumerate extensions (DPC)
\@enLab=\toks68
)
(/usr/share/texmf-dist/tex/generic/pgf/frontendlayer/tikz/libraries/tikzlibrary
positioning.code.tex
File: tikzlibrarypositioning.code.tex 2020/12/27 v3.1.8b (3.1.8b)
) (/usr/share/texmf-dist/tex/latex/epigraph/epigraph.sty
Package: epigraph 2020/01/02 v1.5e typesetting epigraphs

(/usr/share/texmf-dist/tex/latex/nextpage/nextpage.sty
Package: nextpage 2009/09/03 v1.1a additional page commands
)
\beforeepigraphskip=\skip127
\afterepigraphskip=\skip128
\epigraphwidth=\skip129
\epigraphrule=\skip130
)
(/usr/share/texmf-dist/tex/latex/listings/listings.sty
\lst@mode=\count387
\lst@gtempboxa=\box96
\lst@token=\toks69
\lst@length=\count388
\lst@currlwidth=\dimen340
\lst@column=\count389
\lst@pos=\count390
\lst@lostspace=\dimen341
\lst@width=\dimen342
\lst@newlines=\count391
\lst@lineno=\count392
\lst@maxwidth=\dimen343

(/usr/share/texmf-dist/tex/latex/listings/lstmisc.sty
File: lstmisc.sty 2020/03/24 1.8d (Carsten Heinz)
\c@lstnumber=\count393
\lst@skipnumbers=\count394
\lst@framebox=\box97
)
(/usr/share/texmf-dist/tex/latex/listings/listings.cfg
File: listings.cfg 2020/03/24 1.8d listings configuration
))
Package: listings 2020/03/24 1.8d (Carsten Heinz)

(/usr/share/texmf-dist/tex/latex/listings/lstlang1.sty
File: lstlang1.sty 2020/03/24 1.8d listings language file
)
(/usr/share/texmf-dist/tex/latex/tikz-cd/tikz-cd.sty
Package: tikz-cd 2018/11/19 v0.9f Commutative diagrams with TikZ

(/usr/share/texmf-dist/tex/generic/tikz-cd/tikzlibrarycd.code.tex
(/usr/share/texmf-dist/tex/generic/pgf/frontendlayer/tikz/libraries/tikzlibrary
matrix.code.tex
File: tikzlibrarymatrix.code.tex 2020/12/27 v3.1.8b (3.1.8b)
)
(/usr/share/texmf-dist/tex/generic/pgf/frontendlayer/tikz/libraries/tikzlibrary
quotes.code.tex
File: tikzlibraryquotes.code.tex 2020/12/27 v3.1.8b (3.1.8b)
)
(/usr/share/texmf-dist/tex/generic/pgf/libraries/pgflibraryarrows.meta.code.tex
File: pgflibraryarrows.meta.code.tex 2020/12/27 v3.1.8b (3.1.8b)
\pgfarrowinset=\dimen344
\pgfarrowlength=\dimen345
\pgfarrowwidth=\dimen346
\pgfarrowlinewidth=\dimen347
)))
(/usr/share/texmf-dist/tex/generic/pgf/frontendlayer/tikz/libraries/tikzlibrary
automata.code.tex
File: tikzlibraryautomata.code.tex 2020/12/27 v3.1.8b (3.1.8b)
)
(/usr/share/texmf-dist/tex/generic/pgf/frontendlayer/tikz/libraries/tikzlibrary
arrows.code.tex
File: tikzlibraryarrows.code.tex 2020/12/27 v3.1.8b (3.1.8b)

(/usr/share/texmf-dist/tex/generic/pgf/libraries/pgflibraryarrows.code.tex
File: pgflibraryarrows.code.tex 2020/12/27 v3.1.8b (3.1.8b)
\arrowsize=\dimen348
))
\c@teo=\count395
\c@definicao=\count396
\c@exmp=\count397
\@indexfile=\write5
\openout5 = `tese.idx'.


Writing index file tese.idx

LaTeX Warning: Unused global option(s):
    [lineheadersfootinclude=true].

(./tese.aux)
\openout1 = `tese.aux'.

LaTeX Font Info:    Checking defaults for OML/cmm/m/it on input line 157.
LaTeX Font Info:    ... okay on input line 157.
LaTeX Font Info:    Checking defaults for OMS/cmsy/m/n on input line 157.
LaTeX Font Info:    ... okay on input line 157.
LaTeX Font Info:    Checking defaults for OT1/cmr/m/n on input line 157.
LaTeX Font Info:    ... okay on input line 157.
LaTeX Font Info:    Checking defaults for T1/cmr/m/n on input line 157.
LaTeX Font Info:    ... okay on input line 157.
LaTeX Font Info:    Checking defaults for TS1/cmr/m/n on input line 157.
LaTeX Font Info:    ... okay on input line 157.
LaTeX Font Info:    Checking defaults for OMX/cmex/m/n on input line 157.
LaTeX Font Info:    ... okay on input line 157.
LaTeX Font Info:    Checking defaults for U/cmr/m/n on input line 157.
LaTeX Font Info:    ... okay on input line 157.
LaTeX Font Info:    Checking defaults for PD1/pdf/m/n on input line 157.
LaTeX Font Info:    ... okay on input line 157.
LaTeX Font Info:    Checking defaults for PU/pdf/m/n on input line 157.
LaTeX Font Info:    ... okay on input line 157.
Package scrbase Info: activating english \contentsname on input line 157.
Package scrbase Info: activating english \listfigurename on input line 157.
Package scrbase Info: activating english \listtablename on input line 157.
 (/usr/share/texmf-dist/tex/context/base/mkii/supp-pdf.mkii
[Loading MPS to PDF converter (version 2006.09.02).]
\scratchcounter=\count398
\scratchdimen=\dimen349
\scratchbox=\box98
\nofMPsegments=\count399
\nofMParguments=\count400
\everyMPshowfont=\toks70
\MPscratchCnt=\count401
\MPscratchDim=\dimen350
\MPnumerator=\count402
\makeMPintoPDFobject=\count403
\everyMPtoPDFconversion=\toks71
) (/usr/share/texmf-dist/tex/latex/epstopdf-pkg/epstopdf-base.sty
Package: epstopdf-base 2020-01-24 v2.11 Base part for package epstopdf
Package epstopdf-base Info: Redefining graphics rule for `.eps' on input line 4
85.

(/usr/share/texmf-dist/tex/latex/latexconfig/epstopdf-sys.cfg
File: epstopdf-sys.cfg 2010/07/13 v1.3 Configuration of (r)epstopdf for TeX Liv
e
))
Package hyperref Info: Link coloring ON on input line 157.

(/usr/share/texmf-dist/tex/latex/hyperref/nameref.sty
Package: nameref 2021-04-02 v2.47 Cross-referencing by name of section

(/usr/share/texmf-dist/tex/latex/refcount/refcount.sty
Package: refcount 2019/12/15 v3.6 Data extraction from label references (HO)
)
(/usr/share/texmf-dist/tex/generic/gettitlestring/gettitlestring.sty
Package: gettitlestring 2019/12/15 v1.6 Cleanup title references (HO)
)
\c@section@level=\count404
)
LaTeX Info: Redefining \ref on input line 157.
LaTeX Info: Redefining \pageref on input line 157.
LaTeX Info: Redefining \nameref on input line 157.

(./tese.out) (./tese.out)
\@outlinefile=\write6
\openout6 = `tese.out'.

Class scrbook Info: loading recommended package `bookmark'.
(scrbook)           Using `bookmark' together with `hyperref' is recommended,
(scrbook)           because of handling of possible bookmark level gaps.
(scrbook)           You can avoid loading `bookmark' with KOMA-Script option
(scrbook)           `bookmarkpackage=false' before \begin{document} and
(scrbook)           you can avoid this message adding:
(scrbook)             \usepackage{bookmark}
(scrbook)           before \begin{document} on input line 157.

(/usr/share/texmf-dist/tex/latex/bookmark/bookmark.sty
Package: bookmark 2020-11-06 v1.29 PDF bookmarks (HO)

(/usr/share/texmf-dist/tex/latex/bookmark/bkm-pdftex.def
File: bkm-pdftex.def 2020-11-06 v1.29 bookmark driver for pdfTeX (HO)
\BKM@id=\count405
))
LaTeX Info: Redefining \microtypecontext on input line 157.
Package microtype Info: Generating PDF output.
Package microtype Info: Character protrusion enabled (level 2).
Package microtype Info: Using default protrusion set `alltext'.
Package microtype Info: Automatic font expansion enabled (level 2),
(microtype)             stretch: 20, shrink: 20, step: 1, non-selected.
Package microtype Info: Using default expansion set `alltext-nott'.
LaTeX Info: Redefining \showhyphens on input line 157.
Package microtype Info: No adjustment of tracking.
Package microtype Info: No adjustment of interword spacing.
Package microtype Info: No adjustment of character kerning.

(/usr/share/texmf-dist/tex/latex/microtype/mt-ppl.cfg
File: mt-ppl.cfg 2005/11/16 v1.6 microtype config. file: Palatino (RS)
)

Package scrlayer-scrpage Warning: Very small head height detected!
(scrlayer-scrpage)                Using scrlayer-scrpage the head height
(scrlayer-scrpage)                should be at least \baselineskip, which is
(scrlayer-scrpage)                18.85004pt currently.
(scrlayer-scrpage)                But head height is currently 17.0pt only.
(scrlayer-scrpage)                You may use
(scrlayer-scrpage)                typearea option `headheight=18.85004pt'
(scrlayer-scrpage)                or load package `scrlayer-scrpage' with
(scrlayer-scrpage)                option `singlespacing=true'
(scrlayer-scrpage)                to avoid this warning.

Package caption Info: Begin \AtBeginDocument code.
Package caption Info: listings package is loaded.
Package caption Info: End \AtBeginDocument code.
(/usr/share/texmf-dist/tex/latex/pdflscape/pdflscape.sty
Package: pdflscape 2019/12/05 v0.12 Display of landscape pages in PDF (HO)

(/usr/share/texmf-dist/tex/latex/graphics/lscape.sty
Package: lscape 2020/05/28 v3.02 Landscape Pages (DPC)
)
Package pdflscape Info: Auto-detected driver: pdftex on input line 81.
)

Package pgfplots Warning: running in backwards compatibility mode (unsuitable t
ick labels; missing features). Consider writing \pgfplotsset{compat=1.17} into 
your preamble.
 on input line 157.

\c@lstlisting=\count406
(./capa.tex
<figuras/logo-ufabc.pdf, id=7, 385.19911pt x 273.1806pt>
File: figuras/logo-ufabc.pdf Graphic file (type pdf)
<use figuras/logo-ufabc.pdf>
Package pdftex.def Info: figuras/logo-ufabc.pdf  used on input line 2.
(pdftex.def)             Requested size: 108.31934pt x 76.82234pt.
Package microtype Info: Character `029' is missing
(microtype)             in font `T1/pplj/m/sc/17.28'.
(microtype)             Ignoring protrusion settings for this character.
Package microtype Info: Character `029' is missing
(microtype)             in font `T1/pplj/m/sc/24.88'.
(microtype)             Ignoring protrusion settings for this character.


LaTeX Font Warning: Font shape `T1/pplj/b/sc' undefined
(Font)              using `T1/pplj/b/n' instead on input line 14.

) [1

{/var/lib/texmf/fonts/map/pdftex/updmap/pdftex.map} <./figuras/logo-ufabc.pdf>]
 [2] (./folha-de-rosto.tex
File: figuras/logo-ufabc.pdf Graphic file (type pdf)
<use figuras/logo-ufabc.pdf>
Package pdftex.def Info: figuras/logo-ufabc.pdf  used on input line 2.
(pdftex.def)             Requested size: 108.31934pt x 76.82234pt.
Package microtype Info: Character `029' is missing
(microtype)             in font `T1/pplj/m/sc/14.4'.
(microtype)             Ignoring protrusion settings for this character.
Package microtype Info: Character `029' is missing
(microtype)             in font `T1/pplj/m/sc/20.74'.
(microtype)             Ignoring protrusion settings for this character.
LaTeX Font Info:    Trying to load font information for OT1+pplx on input line 
56.

(/usr/share/texmf-dist/tex/latex/psnfss/ot1pplx.fd
File: ot1pplx.fd 2004/09/06 font definitions for OT1/pplx.
)
LaTeX Font Info:    Trying to load font information for OML+zplm on input line 
56.

(/usr/share/texmf-dist/tex/latex/psnfss/omlzplm.fd
File: omlzplm.fd 2002/09/08 Fontinst v1.914 font definitions for OML/zplm.
)
LaTeX Font Info:    Trying to load font information for OMS+zplm on input line 
56.

(/usr/share/texmf-dist/tex/latex/psnfss/omszplm.fd
File: omszplm.fd 2002/09/08 Fontinst v1.914 font definitions for OMS/zplm.
)
LaTeX Font Info:    Trying to load font information for OMX+zplm on input line 
56.

(/usr/share/texmf-dist/tex/latex/psnfss/omxzplm.fd
File: omxzplm.fd 2002/09/08 Fontinst v1.914 font definitions for OMX/zplm.
)
LaTeX Font Info:    Trying to load font information for OT1+zplm on input line 
56.

(/usr/share/texmf-dist/tex/latex/psnfss/ot1zplm.fd
File: ot1zplm.fd 2002/09/08 Fontinst v1.914 font definitions for OT1/zplm.
)
Package microtype Info: Loading generic protrusion settings for font family
(microtype)             `zplm' (encoding: OT1).
(microtype)             For optimal results, create family-specific settings.
(microtype)             See the microtype manual for details.
LaTeX Font Info:    Font shape `U/msa/m/n' will be
(Font)              scaled to size 12.50409pt on input line 56.

(/usr/share/texmf-dist/tex/latex/microtype/mt-msa.cfg
File: mt-msa.cfg 2006/02/04 v1.1 microtype config. file: AMS symbols (a) (RS)
)
LaTeX Font Info:    Font shape `U/msa/m/n' will be
(Font)              scaled to size 9.37807pt on input line 56.
LaTeX Font Info:    Font shape `U/msa/m/n' will be
(Font)              scaled to size 7.29405pt on input line 56.
LaTeX Font Info:    Font shape `U/msb/m/n' will be
(Font)              scaled to size 12.50409pt on input line 56.

(/usr/share/texmf-dist/tex/latex/microtype/mt-msb.cfg
File: mt-msb.cfg 2005/06/01 v1.0 microtype config. file: AMS symbols (b) (RS)
)
LaTeX Font Info:    Font shape `U/msb/m/n' will be
(Font)              scaled to size 9.37807pt on input line 56.
LaTeX Font Info:    Font shape `U/msb/m/n' will be
(Font)              scaled to size 7.29405pt on input line 56.
LaTeX Font Info:    Trying to load font information for U+rsfs on input line 56
.

(/usr/share/texmf-dist/tex/latex/jknapltx/ursfs.fd
File: ursfs.fd 1998/03/24 rsfs font definition file (jk)
)
Package microtype Info: Character `029' is missing
(microtype)             in font `T1/pplj/m/sc/10'.
(microtype)             Ignoring protrusion settings for this character.

Underfull \hbox (badness 10000) in paragraph at lines 60--90

 []

Package microtype Info: Character `029' is missing
(microtype)             in font `T1/pplj/m/sc/10.95'.
(microtype)             Ignoring protrusion settings for this character.
) (./agradecimentos.tex [1


] [2


]) (./epigrafe.tex
LaTeX Font Info:    Font shape `U/msa/m/n' will be
(Font)              scaled to size 11.40997pt on input line 2.
LaTeX Font Info:    Font shape `U/msa/m/n' will be
(Font)              scaled to size 8.33606pt on input line 2.
LaTeX Font Info:    Font shape `U/msa/m/n' will be
(Font)              scaled to size 6.25204pt on input line 2.
LaTeX Font Info:    Font shape `U/msb/m/n' will be
(Font)              scaled to size 11.40997pt on input line 2.
LaTeX Font Info:    Font shape `U/msb/m/n' will be
(Font)              scaled to size 8.33606pt on input line 2.
LaTeX Font Info:    Font shape `U/msb/m/n' will be
(Font)              scaled to size 6.25204pt on input line 2.


Package scrlayer-scrpage Warning: \headheight to low.
(scrlayer-scrpage)                At least 17.68002pt needed,
(scrlayer-scrpage)                but only 17.0pt found.
(scrlayer-scrpage)                I'll enlarge \headheight, for further
(scrlayer-scrpage)                processing, but you should do this yourself,
(scrlayer-scrpage)                e.g., setting typearea's option
(scrlayer-scrpage)                `headheight=17.68002pt'.
(scrlayer-scrpage)                I'll also decrease \topmargin on input line 2
.


Overfull \vbox (0.68002pt too high) has occurred while \output is active []


[3] [4


]) (./resumo.tex [5] [6


]) (./abstract.tex [7] [8


]) [9] [10


]
Package tocbasic Info: character protrusion at toc deactivated on input line 19
1.
 (./tese.toc
Package microtype Info: Character `029' is missing
(microtype)             in font `T1/pplj/m/sc/12'.
(microtype)             Ignoring protrusion settings for this character.
LaTeX Font Info:    Trying to load font information for U+fplmbb on input line 
20.

(/usr/share/texmf-dist/tex/latex/psnfss/ufplmbb.fd
File: ufplmbb.fd 2003/10/30 Fontinst v1.914 font definitions for U/fplmbb.
) [11])
\tf@toc=\write7
\openout7 = `tese.toc'.

 [12]
Cap\'{\i }tulo 1.
(/usr/share/texmf-dist/tex/latex/microtype/mt-euf.cfg
File: mt-euf.cfg 2006/07/03 v1.1 microtype config. file: AMS Euler Fraktur (RS)

)pdfTeX warning (ext4): destination with the same identifier (name{page.1}) has
 been already used, duplicate ignored
<to be read again> 
                   \relax 
l.247 
       [1




]
Overfull \hbox (47.08897pt too wide) in paragraph at lines 275--277
 [][] 
 []


LaTeX Warning: `h' float specifier changed to `ht'.

pdfTeX warning (ext4): destination with the same identifier (name{page.2}) has 
been already used, duplicate ignored
<to be read again> 
                   \relax 
l.315 
       [2]
Cap\'{\i }tulo 2.
[3] [4]
Overfull \hbox (16.73784pt too wide) in paragraph at lines 339--346
[]\T1/pplj/m/n/12 (-20) Associado ao con-junto $\OT1/pplx/m/n/12 
$ \T1/pplj/m/n/12 (-20) te-mos a $\OML/zplm/m/it/12 ^^[$\T1/pplj/m/n/12 (-20) -
lgebra $\U/rsfs/m/n/12 A$ \T1/pplj/m/n/12 (-20) (vide o texto de me-dida [[]]
 []

[5


] [6] [7] [8] [9]
Overfull \hbox (30.95079pt too wide) in paragraph at lines 564--567
\T1/pplj/m/n/12 (-20) Para cal-cu-lar a va-ri-n-cia, uti-li-za-mos a igual-dad
e $[]\OT1/pplx/m/n/12 [\OML/zplm/m/it/12 X\OT1/pplx/m/n/12 ] = [][\OML/zplm/m/i
t/12 X[]\OT1/pplx/m/n/12 ] \OMS/zplm/m/n/12 ^^@ \OT1/pplx/m/n/12 ([][\OML/zplm/
m/it/12 X\OT1/pplx/m/n/12 ])[]$ \T1/pplj/m/n/12 (-20) (vide [[]]).
 []

[10] [11]
Overfull \hbox (8.64944pt too wide) detected at line 686
\OML/zplm/m/it/12 P\OT1/pplx/m/n/12 [\OML/zplm/m/it/12 X[] \OT1/pplx/m/n/12 = \
OML/zplm/m/it/12 a[]\OMS/zplm/m/n/12 j\OML/zplm/m/it/12 X[] \OT1/pplx/m/n/12 = 
\OML/zplm/m/it/12 a[]; X[] \OT1/pplx/m/n/12 = \OML/zplm/m/it/12 a[]; [] ; X[] \
OT1/pplx/m/n/12 = \OML/zplm/m/it/12 a[]\OT1/pplx/m/n/12 ] = \OML/zplm/m/it/12 P
\OT1/pplx/m/n/12 [\OML/zplm/m/it/12 X[] \OT1/pplx/m/n/12 = \OML/zplm/m/it/12 a[
]\OMS/zplm/m/n/12 j\OML/zplm/m/it/12 X[] \OT1/pplx/m/n/12 = \OML/zplm/m/it/12 a
[]\OT1/pplx/m/n/12 ] = \OML/zplm/m/it/12 p\OT1/pplx/m/n/12 (\OML/zplm/m/it/12 a
[]; a[]\OT1/pplx/m/n/12 )\OML/zplm/m/it/12 ;
 []

[12] [13]

LaTeX Warning: `h' float specifier changed to `ht'.

[14] [15]
Cap\'{\i }tulo 3.
[16] [17


] [18] [19] [20]
Overfull \hbox (11.99998pt too wide) in paragraph at lines 1450--1466
[]$[]$$[]$
 []


Overfull \hbox (16.3002pt too wide) detected at line 1478
[]
 []


Overfull \hbox (16.30019pt too wide) in paragraph at lines 1468--1489
[]$$[]$
 []

[21] [22] [23] [24]
Cap\'{\i }tulo 4.
[25] [26


] [27]
Overfull \hbox (7.39316pt too wide) in paragraph at lines 1757--1775
[]$[]$$[]$$[]$ 
 []

[28]
Missing character: There is no k in font fplmbb!
Missing character: There is no k in font fplmbb!

Overfull \hbox (11.99998pt too wide) in paragraph at lines 1809--1824
[]$[]$$[]$
 []

[29] [30]
LaTeX Font Info:    Trying to load font information for TS1+pplj on input line 
1925.
 (/usr/share/texmf-dist/tex/latex/psnfss/ts1pplj.fd
File: ts1pplj.fd 2004/09/06 font definitions for TS1/pplj.
) [31] [32]
[33] [34]

Package hyperref Warning: Token not allowed in a PDF string (Unicode):
(hyperref)                removing `math shift' on input line 2153.


Package hyperref Warning: Token not allowed in a PDF string (Unicode):
(hyperref)                removing `math shift' on input line 2153.

[35] [36] [37] [38]

LaTeX Warning: `h' float specifier changed to `ht'.


Overfull \hbox (7.39316pt too wide) in paragraph at lines 2452--2470
[]$[]$$[]$$[]$ 
 []

[39] [40] [41]
Cap\'{\i }tulo 5.
[42] [43


] [44] [45] [46] [47] [48] [49] [50]
LaTeX Font Info:    Font shape `U/msa/m/n' will be
(Font)              scaled to size 10.42007pt on input line 3295.
LaTeX Font Info:    Font shape `U/msa/m/n' will be
(Font)              scaled to size 7.91925pt on input line 3295.
LaTeX Font Info:    Font shape `U/msb/m/n' will be
(Font)              scaled to size 10.42007pt on input line 3295.
LaTeX Font Info:    Font shape `U/msb/m/n' will be
(Font)              scaled to size 7.91925pt on input line 3295.
 [51] [52]
Cap\'{\i }tulo 6.
[53] [54


] [55]
\z=\dimen351
\z=\dimen352
\z=\dimen353
\z=\dimen354
\z=\dimen355
\z=\dimen356
\z=\dimen357
\z=\dimen358
\z=\dimen359
\z=\dimen360
\z=\dimen361
\z=\dimen362
\z=\dimen363
\z=\dimen364
\z=\dimen365
\z=\dimen366
\z=\dimen367
\z=\dimen368
\z=\dimen369
\z=\dimen370
\z=\dimen371
\z=\dimen372
\z=\dimen373
\z=\dimen374
\z=\dimen375
\z=\dimen376
\z=\dimen377
\z=\dimen378
\z=\dimen379
\z=\dimen380
\z=\dimen381
\z=\dimen382
\z=\dimen383
\z=\dimen384
\z=\dimen385
\z=\dimen386
\z=\dimen387
\z=\dimen388
\z=\dimen389
\z=\dimen390
\z=\dimen391
\z=\dimen392
\z=\dimen393
\z=\dimen394
\z=\dimen395
\z=\dimen396
\z=\dimen397
\z=\dimen398
\z=\dimen399
\z=\dimen400
\z=\dimen401
\z=\dimen402
\z=\dimen403
\z=\dimen404
\z=\dimen405
\z=\dimen406
\z=\dimen407
\z=\dimen408
\z=\dimen409
\z=\dimen410
\z=\dimen411
\z=\dimen412
\z=\dimen413
\z=\dimen414
\z=\dimen415
\z=\dimen416
\z=\dimen417
\z=\dimen418
\z=\dimen419
\z=\dimen420
\z=\dimen421
\z=\dimen422
\z=\dimen423
\z=\dimen424
\z=\dimen425
\z=\dimen426
\z=\dimen427
\z=\dimen428
\z=\dimen429
\z=\dimen430
\z=\dimen431
\z=\dimen432
\z=\dimen433
\z=\dimen434
\z=\dimen435
\z=\dimen436
\z=\dimen437
\z=\dimen438
\z=\dimen439
\z=\dimen440
\z=\dimen441
\z=\dimen442
\z=\dimen443
\z=\dimen444
\z=\dimen445
\z=\dimen446
\z=\dimen447
\z=\dimen448
\z=\dimen449
\z=\dimen450
\z=\dimen451
\z=\dimen452
\z=\dimen453
\z=\dimen454
\z=\dimen455
\z=\dimen456
\z=\dimen457
\z=\dimen458
\z=\dimen459
\z=\dimen460
\z=\dimen461
\z=\dimen462
\z=\dimen463
\z=\dimen464
\z=\dimen465
\z=\dimen466
\z=\dimen467
\z=\dimen468
\z=\dimen469
\z=\dimen470
\z=\dimen471
 [56]
Underfull \vbox (badness 10000) has occurred while \output is active []

 [57]
[58] [59] [60] [61] [62]
Overfull \hbox (46.16676pt too wide) has occurred while \output is active
 []|[]|
 []

[63]
Overfull \hbox (11.50656pt too wide) detected at line 4063
[]
 []

[64] [65]
Overfull \hbox (7.41408pt too wide) in paragraph at lines 4158--4159
[]\T1/pplj/m/n/12 (-20) Em posse desta de-fi-ni-o, a Pro-po-si-o abaixo (vi
de [[]])
 []

[66]
LaTeX Font Info:    Trying to load font information for U+bbm on input line 424
2.
 (/usr/share/texmf-dist/tex/latex/bbm-macros/ubbm.fd
File: ubbm.fd 1999/03/15 V 1.2 Font definition for bbm font - TH
) [67]
Underfull \vbox (badness 4242) has occurred while \output is active []

 [68]
[69] [70] [71] [72]
Cap\'{\i }tulo 7.
[73] [74


] [75] [76


] [77


] [78


]

Package hyperref Warning: Token not allowed in a PDF string (Unicode):
(hyperref)                removing `math shift' on input line 4636.


Package hyperref Warning: Token not allowed in a PDF string (Unicode):
(hyperref)                removing `math shift' on input line 4636.


Underfull \vbox (badness 10000) has occurred while \output is active []

 [79]
[80] [81] [82] [83] [84]
Overfull \hbox (2.23277pt too wide) detected at line 5185
\OT1/pplx/b/n/12 Q[] \OT1/pplx/m/n/12 := [] \OMS/zplm/m/n/12 ^^A \OT1/pplx/b/n/
12 X[] \OT1/pplx/m/n/12 = \OT1/pplx/b/n/12 Q[] \OMS/zplm/m/n/12 ^^A \OT1/pplx/b
/n/12 X[] \OMS/zplm/m/n/12 ^^A \OT1/pplx/b/n/12 X[] \OT1/pplx/m/n/12 = [] \OML/
zplm/m/it/12 ;
 []

[85]
Overfull \hbox (22.7482pt too wide) detected at line 5254
\OT1/pplx/b/n/12 Q \OMS/zplm/m/n/12 ^^A \OT1/pplx/b/n/12 X[]\OML/zplm/m/it/12 ;
 \OT1/pplx/b/n/12 X[]\OML/zplm/m/it/12 ; [] ; \OT1/pplx/b/n/12 X[] \OT1/pplx/m/
n/12 = \OT1/pplx/b/n/12 Q[] \OT1/pplx/m/n/12 = [] \OML/zplm/m/it/12 :
 []

[86] [87] [88]
Overfull \hbox (5.07776pt too wide) in paragraph at lines 5428--5433
\T1/pplj/m/n/12 (-20) Desta forma, de-fi-nindo $\OML/zplm/m/it/12 r[] \OT1/pplx
/m/n/12 := \OMS/zplm/m/n/12 jIj$\T1/pplj/m/n/12 (-20) , te-mos uma sequn-cia d
e ma-tri-zes $\OT1/pplx/b/n/12 Z[]\OML/zplm/m/it/12 ; \OT1/pplx/b/n/12 Z[]\OML/
zplm/m/it/12 ; [] ; \OT1/pplx/b/n/12 Z[]$
 []

[89] [90] [91] [92] [93] [94]
LaTeX Font Info:    Trying to load font information for T1+fvm on input line 62
35.
 (/usr/share/texmf-dist/tex/latex/bera/t1fvm.fd
File: t1fvm.fd 2004/09/07 scalable font definitions for T1/fvm.
)
LaTeX Font Info:    Font shape `T1/fvm/m/n' will be
(Font)              scaled to size 9.30756pt on input line 6235.
Package microtype Info: Loading generic protrusion settings for font family
(microtype)             `fvm' (encoding: T1).
(microtype)             For optimal results, create family-specific settings.
(microtype)             See the microtype manual for details.

Underfull \vbox (badness 10000) has occurred while \output is active []

 [95


]
Underfull \vbox (badness 10000) has occurred while \output is active []

 [96]
Underfull \vbox (badness 10000) has occurred while \output is active []

 [97]
Overfull \hbox (3.93811pt too wide) in paragraph at lines 6356--6357
[][][][][][][][][][][][]  
 []


Underfull \vbox (badness 10000) has occurred while \output is active []

 [98]
[99


] [100] (./tese.aux

Package mparhack Warning: Marginpars may have changed.
(mparhack)                Rerun to get them right.

)

LaTeX Font Warning: Some font shapes were not available, defaults substituted.

Package rerunfilecheck Info: File `tese.out' has not changed.
(rerunfilecheck)             Checksum: D41D8CD98F00B204E9800998ECF8427E;0.
 ) 
Here is how much of TeX's memory you used:
 58653 strings out of 478994
 1350531 string characters out of 5864751
 2101417 words of memory out of 5000000
 73860 multiletter control sequences out of 15000+600000
 598687 words of font info for 864 fonts, out of 8000000 for 9000
 1141 hyphenation exceptions out of 8191
 141i,24n,131p,10595b,2761s stack positions out of 5000i,500n,10000p,200000b,80000s
pdfTeX warning (dest): name{section*.13} has been referenced but does not exi
st, replaced by a fixed one

{/usr/share/texmf-dist/fonts/enc/dvips/base/8r.enc} </home/rafael/.texlive/texm
f-var/fonts/pk/ljfour/public/bbm/bbm12.600pk></usr/share/texmf-dist/fonts/type1
/public/amsfonts/cm/cmbsy10.pfb></usr/share/texmf-dist/fonts/type1/public/amsfo
nts/cm/cmex10.pfb></usr/share/texmf-dist/fonts/type1/public/amsfonts/cm/cmmi10.
pfb></usr/share/texmf-dist/fonts/type1/public/amsfonts/cm/cmsy10.pfb></usr/shar
e/texmf-dist/fonts/type1/public/amsfonts/euler/eufm10.pfb></usr/share/texmf-dis
t/fonts/type1/public/amsfonts/euler/eurb10.pfb></usr/share/texmf-dist/fonts/typ
e1/public/fpl/fplbj8a.pfb></usr/share/texmf-dist/fonts/type1/public/mathpazo/fp
lmbb.pfb></usr/share/texmf-dist/fonts/type1/public/mathpazo/fplmbi.pfb></usr/sh
are/texmf-dist/fonts/type1/public/mathpazo/fplmr.pfb></usr/share/texmf-dist/fon
ts/type1/public/mathpazo/fplmri.pfb></usr/share/texmf-dist/fonts/type1/public/f
pl/fplrc8a.pfb></usr/share/texmf-dist/fonts/type1/public/fpl/fplrij8a.pfb></usr
/share/texmf-dist/fonts/type1/public/bera/fvmr8a.pfb></usr/share/texmf-dist/fon
ts/type1/public/rsfs/rsfs10.pfb></usr/share/texmf-dist/fonts/type1/urw/palatino
/uplb8a.pfb></usr/share/texmf-dist/fonts/type1/urw/palatino/uplbi8a.pfb></usr/s
hare/texmf-dist/fonts/type1/urw/palatino/uplr8a.pfb></usr/share/texmf-dist/font
s/type1/urw/palatino/uplri8a.pfb>
Output written on tese.pdf (114 pages, 661556 bytes).
PDF statistics:
 1293 PDF objects out of 1440 (max. 8388607)
 1141 compressed objects within 12 object streams
 466 named destinations out of 1000 (max. 500000)
 194370 words of extra memory for PDF output out of 221844 (max. 10000000)

